TN:
SF:generated/prisma/client/index.js
FN:742,(anonymous_0)
FNF:1
FNH:0
FNDA:0,(anonymous_0)
DA:6,4
DA:30,4
DA:33,4
DA:35,4
DA:36,4
DA:42,4
DA:47,4
DA:48,4
DA:49,4
DA:50,4
DA:51,4
DA:52,4
DA:57,4
DA:58,4
DA:59,4
DA:60,4
DA:61,4
DA:66,4
DA:67,4
DA:72,4
DA:73,4
DA:74,4
DA:76,4
DA:85,4
DA:90,4
DA:97,4
DA:112,4
DA:117,4
DA:126,4
DA:136,4
DA:147,4
DA:158,4
DA:165,4
DA:173,4
DA:182,4
DA:191,4
DA:203,4
DA:224,4
DA:231,4
DA:239,4
DA:247,4
DA:254,4
DA:262,4
DA:272,4
DA:283,4
DA:289,4
DA:300,4
DA:308,4
DA:318,4
DA:336,4
DA:342,4
DA:348,4
DA:357,4
DA:364,4
DA:370,4
DA:376,4
DA:389,4
DA:403,4
DA:409,4
DA:419,4
DA:425,4
DA:436,4
DA:442,4
DA:454,4
DA:461,4
DA:467,4
DA:474,4
DA:481,4
DA:493,4
DA:503,4
DA:513,4
DA:526,4
DA:534,4
DA:541,4
DA:546,4
DA:551,4
DA:555,4
DA:560,4
DA:565,4
DA:572,4
DA:578,4
DA:583,4
DA:588,4
DA:595,4
DA:600,4
DA:605,4
DA:615,4
DA:622,4
DA:630,4
DA:682,4
DA:733,4
DA:735,4
DA:736,4
DA:737,0
DA:742,0
DA:743,0
DA:746,0
DA:747,0
DA:750,4
DA:751,4
DA:752,4
DA:753,4
DA:756,4
DA:758,4
DA:763,4
DA:764,4
DA:765,4
DA:768,4
DA:769,4
DA:771,4
DA:772,4
LF:111
LH:106
BRDA:736,0,0,0
BRDA:736,0,1,4
BRDA:742,1,0,0
BRDA:742,1,1,0
BRDA:759,2,0,4
BRDA:759,2,1,0
BRDA:760,3,0,4
BRDA:760,3,1,0
BRF:8
BRH:3
end_of_record
TN:
SF:generated/prisma/client/runtime/library.js
FN:5,(anonymous_0)
FN:5,(anonymous_1)
FN:5,(anonymous_2)
FN:5,(anonymous_3)
FN:5,(anonymous_4)
FN:5,(anonymous_5)
FN:5,(anonymous_6)
FN:5,(anonymous_7)
FN:5,(anonymous_8)
FN:5,(anonymous_9)
FN:5,(anonymous_10)
FN:5,(anonymous_11)
FN:5,yi
FN:5,bi
FN:5,(anonymous_14)
FN:5,Mc
FN:5,(anonymous_16)
FN:5,ls
FN:5,(anonymous_18)
FN:5,Ei
FN:5,(anonymous_20)
FN:5,(anonymous_21)
FN:5,(anonymous_22)
FN:5,(anonymous_23)
FN:5,(anonymous_24)
FN:5,(anonymous_25)
FN:5,(anonymous_26)
FN:5,(anonymous_27)
FN:5,(anonymous_28)
FN:5,(anonymous_29)
FN:5,ap
FN:7,lp
FN:7,up
FN:7,ot
FN:7,Ss
FN:7,cp
FN:7,Rs
FN:7,Ps
FN:7,pp
FN:7,dp
FN:7,mp
FN:7,fp
FN:7,gp
FN:7,(anonymous_43)
FN:7,(anonymous_44)
FN:7,(anonymous_45)
FN:7,(anonymous_46)
FN:7,e
FN:7,(anonymous_48)
FN:7,(anonymous_49)
FN:7,(anonymous_50)
FN:7,(anonymous_51)
FN:7,(anonymous_52)
FN:7,(anonymous_53)
FN:7,(anonymous_54)
FN:7,(anonymous_55)
FN:7,(anonymous_56)
FN:7,(anonymous_57)
FN:7,(anonymous_58)
FN:7,(anonymous_59)
FN:7,(anonymous_60)
FN:7,(anonymous_61)
FN:7,(anonymous_62)
FN:7,(anonymous_63)
FN:7,(anonymous_64)
FN:7,(anonymous_65)
FN:7,(anonymous_66)
FN:7,(anonymous_67)
FN:7,(anonymous_68)
FN:7,(anonymous_69)
FN:7,(anonymous_70)
FN:7,(anonymous_71)
FN:7,(anonymous_72)
FN:7,(anonymous_73)
FN:7,(anonymous_74)
FN:7,(anonymous_75)
FN:7,(anonymous_76)
FN:7,(anonymous_77)
FN:7,(anonymous_78)
FN:7,(anonymous_79)
FN:7,(anonymous_80)
FN:7,(anonymous_81)
FN:7,(anonymous_82)
FN:7,ko
FN:7,(anonymous_84)
FN:7,_o
FN:7,(anonymous_86)
FN:7,No
FN:7,(anonymous_88)
FN:7,(anonymous_89)
FN:7,(anonymous_90)
FN:7,(anonymous_91)
FN:7,(anonymous_92)
FN:7,(anonymous_93)
FN:7,(anonymous_94)
FN:7,(anonymous_95)
FN:7,(anonymous_96)
FN:7,(anonymous_97)
FN:7,(anonymous_98)
FN:7,(anonymous_99)
FN:7,(anonymous_100)
FN:7,(anonymous_101)
FN:7,(anonymous_102)
FN:7,(anonymous_103)
FN:7,(anonymous_104)
FN:7,(anonymous_105)
FN:7,(anonymous_106)
FN:7,(anonymous_107)
FN:7,(anonymous_108)
FN:7,(anonymous_109)
FN:7,(anonymous_110)
FN:7,(anonymous_111)
FN:7,(anonymous_112)
FN:7,(anonymous_113)
FN:7,(anonymous_114)
FN:7,(anonymous_115)
FN:7,F
FN:7,(anonymous_117)
FN:7,(anonymous_118)
FN:7,(anonymous_119)
FN:7,(anonymous_120)
FN:7,(anonymous_121)
FN:7,(anonymous_122)
FN:7,(anonymous_123)
FN:7,(anonymous_124)
FN:7,Bu
FN:7,(anonymous_126)
FN:7,(anonymous_127)
FN:7,(anonymous_128)
FN:7,(anonymous_129)
FN:7,(anonymous_130)
FN:7,(anonymous_131)
FN:7,(anonymous_132)
FN:7,Uu
FN:7,(anonymous_134)
FN:7,Bo
FN:7,(anonymous_136)
FN:7,(anonymous_137)
FN:8,Uo
FN:8,ai
FN:8,Gt
FN:8,(anonymous_141)
FN:8,(anonymous_142)
FN:8,(anonymous_143)
FN:8,(anonymous_144)
FN:8,(anonymous_145)
FN:8,(anonymous_146)
FN:8,(anonymous_147)
FN:8,(anonymous_148)
FN:8,(anonymous_149)
FN:8,(anonymous_150)
FN:8,(anonymous_151)
FN:8,pe
FN:8,(anonymous_153)
FN:8,(anonymous_154)
FN:8,(anonymous_155)
FN:8,(anonymous_156)
FN:8,Qu
FN:8,(anonymous_158)
FN:8,(anonymous_159)
FN:8,(anonymous_160)
FN:8,(anonymous_161)
FN:8,(anonymous_162)
FN:8,q
FN:8,(anonymous_164)
FN:8,(anonymous_165)
FN:8,(anonymous_166)
FN:8,(anonymous_167)
FN:8,(anonymous_168)
FN:8,Wu
FN:8,(anonymous_170)
FN:8,(anonymous_171)
FN:8,(anonymous_172)
FN:8,(anonymous_173)
FN:8,(anonymous_174)
FN:8,(anonymous_175)
FN:8,A
FN:8,(anonymous_177)
FN:8,(anonymous_178)
FN:8,Qo
FN:8,(anonymous_180)
FN:8,(anonymous_181)
FN:8,(anonymous_182)
FN:8,(anonymous_183)
FN:8,ye
FN:8,Ve
FN:8,je
FN:8,(anonymous_187)
FN:8,(anonymous_188)
FN:8,(anonymous_189)
FN:8,(anonymous_190)
FN:8,(anonymous_191)
FN:8,(anonymous_192)
FN:8,(anonymous_193)
FN:8,(anonymous_194)
FN:8,(anonymous_195)
FN:8,(anonymous_196)
FN:8,(anonymous_197)
FN:8,(anonymous_198)
FN:8,(anonymous_199)
FN:8,(anonymous_200)
FN:8,(anonymous_201)
FN:8,(anonymous_202)
FN:8,(anonymous_203)
FN:8,(anonymous_204)
FN:8,(anonymous_205)
FN:8,(anonymous_206)
FN:8,(anonymous_207)
FN:8,(anonymous_208)
FN:8,(anonymous_209)
FN:8,(anonymous_210)
FN:8,(anonymous_211)
FN:8,(anonymous_212)
FN:8,(anonymous_213)
FN:8,(anonymous_214)
FN:8,(anonymous_215)
FN:8,(anonymous_216)
FN:8,(anonymous_217)
FN:8,(anonymous_218)
FN:8,(anonymous_219)
FN:8,(anonymous_220)
FN:8,(anonymous_221)
FN:8,(anonymous_222)
FN:8,(anonymous_223)
FN:8,(anonymous_224)
FN:8,(anonymous_225)
FN:8,(anonymous_226)
FN:8,(anonymous_227)
FN:8,(anonymous_228)
FN:8,(anonymous_229)
FN:8,(anonymous_230)
FN:8,(anonymous_231)
FN:8,(anonymous_232)
FN:8,(anonymous_233)
FN:8,(anonymous_234)
FN:8,(anonymous_235)
FN:8,(anonymous_236)
FN:8,(anonymous_237)
FN:8,(anonymous_238)
FN:8,(anonymous_239)
FN:8,(anonymous_240)
FN:8,(anonymous_241)
FN:8,(anonymous_242)
FN:8,(anonymous_243)
FN:8,(anonymous_244)
FN:8,(anonymous_245)
FN:8,(anonymous_246)
FN:8,(anonymous_247)
FN:8,(anonymous_248)
FN:8,(anonymous_249)
FN:8,(anonymous_250)
FN:8,(anonymous_251)
FN:8,(anonymous_252)
FN:8,(anonymous_253)
FN:8,(anonymous_254)
FN:8,hr
FN:8,(anonymous_256)
FN:8,(anonymous_257)
FN:8,(anonymous_258)
FN:8,(anonymous_259)
FN:8,(anonymous_260)
FN:8,(anonymous_261)
FN:8,(anonymous_262)
FN:8,(anonymous_263)
FN:8,(anonymous_264)
FN:8,(anonymous_265)
FN:8,Jt
FN:8,Yo
FN:8,zu
FN:8,(anonymous_269)
FN:8,(anonymous_270)
FN:8,(anonymous_271)
FN:8,(anonymous_272)
FN:8,(anonymous_273)
FN:8,(anonymous_274)
FN:8,(anonymous_275)
FN:8,(anonymous_276)
FN:8,(anonymous_277)
FN:8,(anonymous_278)
FN:8,(anonymous_279)
FN:8,(anonymous_280)
FN:9,Zu
FN:9,Xu
FN:9,Wo
FN:9,zo
FN:9,(anonymous_285)
FN:9,ec
FN:9,(anonymous_287)
FN:9,(anonymous_288)
FN:9,(anonymous_289)
FN:9,(anonymous_290)
FN:9,rc
FN:9,Jo
FN:9,tc
FN:9,(anonymous_294)
FN:9,ir
FN:9,nc
FN:9,fi
FN:9,Zo
FN:9,ic
FN:9,(anonymous_300)
FN:9,(anonymous_301)
FN:10,oc
FN:10,Yt
FN:10,(anonymous_304)
FN:10,sc
FN:10,Xo
FN:10,(anonymous_307)
FN:10,(anonymous_308)
FN:10,(anonymous_309)
FN:10,(anonymous_310)
FN:10,(anonymous_311)
FN:10,(anonymous_312)
FN:10,(anonymous_313)
FN:10,(anonymous_314)
FN:10,(anonymous_315)
FN:10,(anonymous_316)
FN:10,(anonymous_317)
FN:10,(anonymous_318)
FN:10,(anonymous_319)
FN:10,(anonymous_320)
FN:10,(anonymous_321)
FN:10,(anonymous_322)
FN:10,(anonymous_323)
FN:10,(anonymous_324)
FN:10,(anonymous_325)
FN:10,(anonymous_326)
FN:10,(anonymous_327)
FN:10,(anonymous_328)
FN:10,(anonymous_329)
FN:10,(anonymous_330)
FN:10,(anonymous_331)
FN:10,(anonymous_332)
FN:10,(anonymous_333)
FN:10,(anonymous_334)
FN:10,(anonymous_335)
FN:10,(anonymous_336)
FN:10,(anonymous_337)
FN:10,(anonymous_338)
FN:10,(anonymous_339)
FN:10,(anonymous_340)
FN:10,(anonymous_341)
FN:10,(anonymous_342)
FN:10,(anonymous_343)
FN:10,(anonymous_344)
FN:10,(anonymous_345)
FN:10,(anonymous_346)
FN:10,(anonymous_347)
FN:10,(anonymous_348)
FN:10,(anonymous_349)
FN:10,or
FN:10,(anonymous_351)
FN:10,wi
FN:10,Er
FN:10,jc
FN:10,Bc
FN:10,vi
FN:10,rn
FN:10,(anonymous_358)
FN:10,(anonymous_359)
FN:10,sr
FN:10,(anonymous_361)
FN:10,(anonymous_362)
FN:10,(anonymous_363)
FN:10,(anonymous_364)
FN:10,(anonymous_365)
FN:10,(anonymous_366)
FN:10,(anonymous_367)
FN:10,(anonymous_368)
FN:10,ke
FN:10,(anonymous_370)
FN:10,Gc
FN:10,(anonymous_372)
FN:10,ms
FN:10,Ri
FN:10,Ai
FN:10,(anonymous_376)
FN:10,(anonymous_377)
FN:10,(anonymous_378)
FN:10,(anonymous_379)
FN:10,(anonymous_380)
FN:10,(anonymous_381)
FN:10,(anonymous_382)
FN:10,(anonymous_383)
FN:10,(anonymous_384)
FN:10,(anonymous_385)
FN:10,(anonymous_386)
FN:10,(anonymous_387)
FN:10,(anonymous_388)
FN:13,Ci
FN:13,an
FN:13,Ii
FN:13,ki
FN:13,(anonymous_393)
FN:13,(anonymous_394)
FN:15,Kc
FN:15,(anonymous_396)
FN:15,(anonymous_397)
FN:15,Hc
FN:15,(anonymous_399)
FN:15,(anonymous_400)
FN:16,Yc
FN:16,(anonymous_402)
FN:16,(anonymous_403)
FN:16,(anonymous_404)
FN:16,(anonymous_405)
FN:16,(anonymous_406)
FN:16,(anonymous_407)
FN:16,(anonymous_408)
FN:16,(anonymous_409)
FN:16,(anonymous_410)
FN:16,(anonymous_411)
FN:16,zc
FN:16,_i
FN:16,Zc
FN:16,Xc
FN:16,ep
FN:16,ln
FN:16,ar
FN:16,Ni
FN:16,wr
FN:16,Li
FN:16,Cs
FN:16,(anonymous_423)
FN:16,(anonymous_424)
FN:16,st
FN:17,hp
FN:19,(anonymous_427)
FN:23,(anonymous_428)
FN:25,Is
FN:25,Ds
FN:25,yp
FN:25,Vi
FN:25,pn
FN:25,ji
FN:25,x
FN:25,(anonymous_436)
FN:25,(anonymous_437)
FN:25,(anonymous_438)
FN:25,(anonymous_439)
FN:25,(anonymous_440)
FN:25,(anonymous_441)
FN:25,(anonymous_442)
FN:25,(anonymous_443)
FN:25,(anonymous_444)
FN:25,(anonymous_445)
FN:25,(anonymous_446)
FN:25,(anonymous_447)
FN:25,(anonymous_448)
FN:25,(anonymous_449)
FN:25,We
FN:25,_s
FN:25,lt
FN:25,(anonymous_453)
FN:25,Ns
FN:25,Bi
FN:25,vr
FN:25,mn
FN:25,(anonymous_458)
FN:25,(anonymous_459)
FN:25,(anonymous_460)
FN:25,(anonymous_461)
FN:25,(anonymous_462)
FN:25,(anonymous_463)
FN:25,(anonymous_464)
FN:25,(anonymous_465)
FN:25,(anonymous_466)
FN:25,(anonymous_467)
FN:25,(anonymous_468)
FN:25,(anonymous_469)
FN:25,(anonymous_470)
FN:25,(anonymous_471)
FN:25,(anonymous_472)
FN:25,(anonymous_473)
FN:25,(anonymous_474)
FN:25,(anonymous_475)
FN:25,(anonymous_476)
FN:25,(anonymous_477)
FN:25,(anonymous_478)
FN:25,(anonymous_479)
FN:25,(anonymous_480)
FN:25,(anonymous_481)
FN:25,(anonymous_482)
FN:25,(anonymous_483)
FN:25,(anonymous_484)
FN:25,(anonymous_485)
FN:25,(anonymous_486)
FN:25,(anonymous_487)
FN:25,(anonymous_488)
FN:25,(anonymous_489)
FN:25,(anonymous_490)
FN:25,(anonymous_491)
FN:25,(anonymous_492)
FN:25,(anonymous_493)
FN:25,(anonymous_494)
FN:25,(anonymous_495)
FN:25,(anonymous_496)
FN:25,(anonymous_497)
FN:25,(anonymous_498)
FN:25,(anonymous_499)
FN:25,(anonymous_500)
FN:25,(anonymous_501)
FN:25,(anonymous_502)
FN:25,(anonymous_503)
FN:25,(anonymous_504)
FN:25,(anonymous_505)
FN:25,(anonymous_506)
FN:25,(anonymous_507)
FN:25,(anonymous_508)
FN:25,(anonymous_509)
FN:25,(anonymous_510)
FN:25,(anonymous_511)
FN:25,(anonymous_512)
FN:25,(anonymous_513)
FN:25,(anonymous_514)
FN:25,(anonymous_515)
FN:25,J
FN:25,ne
FN:25,ut
FN:25,fn
FN:25,Pp
FN:25,(anonymous_521)
FN:25,e
FN:25,r
FN:25,t
FN:25,(anonymous_525)
FN:25,y
FN:25,ve
FN:25,wn
FN:25,bn
FN:25,xe
FN:25,Us
FN:25,Je
FN:25,Gs
FN:25,Ls
FN:25,Qs
FN:25,Wi
FN:25,Ke
FN:25,Ws
FN:25,gn
FN:25,Tp
FN:25,Sp
FN:25,Tr
FN:25,xn
FN:25,Js
FN:25,Ji
FN:25,Fs
FN:25,Rp
FN:25,Ap
FN:25,Cp
FN:25,Ip
FN:25,Dp
FN:25,Op
FN:25,kp
FN:25,_p
FN:25,Np
FN:25,Lp
FN:25,Fp
FN:25,Mp
FN:25,$p
FN:25,qp
FN:25,Vp
FN:25,Ks
FN:25,i
FN:25,jp
FN:25,Bp
FN:25,Up
FN:25,Gp
FN:25,Ms
FN:25,Qp
FN:25,Wp
FN:25,Jp
FN:25,Kp
FN:25,Hp
FN:25,Yp
FN:25,zp
FN:25,Zp
FN:25,Xp
FN:25,ed
FN:25,rd
FN:25,td
FN:25,nd
FN:25,id
FN:25,od
FN:25,sd
FN:25,ad
FN:25,ld
FN:25,ud
FN:25,cd
FN:25,Sr
FN:25,(anonymous_590)
FN:25,(anonymous_591)
FN:25,pd
FN:25,(anonymous_593)
FN:25,(anonymous_594)
FN:25,(anonymous_595)
FN:25,(anonymous_596)
FN:25,(anonymous_597)
FN:25,(anonymous_598)
FN:25,(anonymous_599)
FN:25,(anonymous_600)
FN:25,(anonymous_601)
FN:25,e
FN:25,(anonymous_603)
FN:25,(anonymous_604)
FN:25,(anonymous_605)
FN:25,(anonymous_606)
FN:25,e
FN:25,(anonymous_608)
FN:25,(anonymous_609)
FN:25,(anonymous_610)
FN:25,(anonymous_611)
FN:25,(anonymous_612)
FN:25,ge
FN:25,(anonymous_614)
FN:25,(anonymous_615)
FN:25,fd
FN:25,Ys
FN:25,gd
FN:25,(anonymous_619)
FN:25,zs
FN:25,(anonymous_621)
FN:25,(anonymous_622)
FN:25,(anonymous_623)
FN:25,(anonymous_624)
FN:25,(anonymous_625)
FN:25,(anonymous_626)
FN:25,(anonymous_627)
FN:25,(anonymous_628)
FN:25,(anonymous_629)
FN:25,(anonymous_630)
FN:25,(anonymous_631)
FN:27,(anonymous_632)
FN:28,(anonymous_633)
FN:29,(anonymous_634)
FN:29,(anonymous_635)
FN:29,(anonymous_636)
FN:29,(anonymous_637)
FN:29,(anonymous_638)
FN:29,(anonymous_639)
FN:29,(anonymous_640)
FN:29,bd
FN:29,Ed
FN:29,(anonymous_643)
FN:29,(anonymous_644)
FN:29,(anonymous_645)
FN:29,wd
FN:29,xd
FN:29,vd
FN:30,Pd
FN:30,Tn
FN:30,na
FN:30,(anonymous_652)
FN:30,ia
FN:30,(anonymous_654)
FN:30,Td
FN:30,Sd
FN:30,Rd
FN:30,(anonymous_658)
FN:30,ra
FN:30,ta
FN:30,(anonymous_661)
FN:30,(anonymous_662)
FN:30,(anonymous_663)
FN:30,(anonymous_664)
FN:30,(anonymous_665)
FN:30,(anonymous_666)
FN:30,(anonymous_667)
FN:30,(anonymous_668)
FN:30,(anonymous_669)
FN:30,(anonymous_670)
FN:30,(anonymous_671)
FN:30,(anonymous_672)
FN:30,(anonymous_673)
FN:30,(anonymous_674)
FN:30,(anonymous_675)
FN:31,(anonymous_676)
FN:31,(anonymous_677)
FN:31,(anonymous_678)
FN:31,(anonymous_679)
FN:31,(anonymous_680)
FN:31,(anonymous_681)
FN:31,(anonymous_682)
FN:31,(anonymous_683)
FN:31,(anonymous_684)
FN:31,(anonymous_685)
FN:31,(anonymous_686)
FN:31,(anonymous_687)
FN:31,(anonymous_688)
FN:31,(anonymous_689)
FN:31,(anonymous_690)
FN:31,(anonymous_691)
FN:31,(anonymous_692)
FN:31,(anonymous_693)
FN:31,(anonymous_694)
FN:31,(anonymous_695)
FN:31,(anonymous_696)
FN:31,(anonymous_697)
FN:31,(anonymous_698)
FN:31,(anonymous_699)
FN:31,(anonymous_700)
FN:31,(anonymous_701)
FN:31,(anonymous_702)
FN:31,(anonymous_703)
FN:31,(anonymous_704)
FN:31,(anonymous_705)
FN:31,(anonymous_706)
FN:31,(anonymous_707)
FN:31,(anonymous_708)
FN:31,(anonymous_709)
FN:31,(anonymous_710)
FN:31,(anonymous_711)
FN:31,(anonymous_712)
FN:31,(anonymous_713)
FN:31,(anonymous_714)
FN:31,(anonymous_715)
FN:31,(anonymous_716)
FN:31,(anonymous_717)
FN:31,(anonymous_718)
FN:31,(anonymous_719)
FN:31,(anonymous_720)
FN:31,(anonymous_721)
FN:31,(anonymous_722)
FN:31,(anonymous_723)
FN:31,(anonymous_724)
FN:31,(anonymous_725)
FN:31,(anonymous_726)
FN:31,(anonymous_727)
FN:31,(anonymous_728)
FN:31,(anonymous_729)
FN:31,(anonymous_730)
FN:31,Sn
FN:31,Ad
FN:31,(anonymous_733)
FN:31,Cd
FN:31,(anonymous_735)
FN:32,Id
FN:32,(anonymous_737)
FN:32,Dd
FN:32,(anonymous_739)
FN:32,Od
FN:32,(anonymous_741)
FN:32,kd
FN:32,(anonymous_743)
FN:32,_d
FN:32,(anonymous_745)
FN:32,Nd
FN:32,(anonymous_747)
FN:32,Ld
FN:32,(anonymous_749)
FN:32,(anonymous_750)
FN:32,Fd
FN:32,(anonymous_752)
FN:32,(anonymous_753)
FN:32,ua
FN:32,Md
FN:32,(anonymous_756)
FN:32,(anonymous_757)
FN:32,ca
FN:32,$d
FN:32,(anonymous_760)
FN:32,(anonymous_761)
FN:32,qd
FN:32,(anonymous_763)
FN:32,(anonymous_764)
FN:32,Vd
FN:32,(anonymous_766)
FN:32,jd
FN:32,(anonymous_768)
FN:32,(anonymous_769)
FN:32,Bd
FN:32,(anonymous_771)
FN:32,(anonymous_772)
FN:32,pa
FN:32,Ud
FN:32,Gd
FN:32,Qd
FN:32,da
FN:32,ma
FN:32,Or
FN:32,dt
FN:32,In
FN:32,Jd
FN:32,(anonymous_783)
FN:32,(anonymous_784)
FN:32,kr
FN:32,(anonymous_786)
FN:32,(anonymous_787)
FN:32,(anonymous_788)
FN:32,(anonymous_789)
FN:32,zi
FN:32,(anonymous_791)
FN:32,(anonymous_792)
FN:32,(anonymous_793)
FN:32,(anonymous_794)
FN:32,(anonymous_795)
FN:32,(anonymous_796)
FN:32,(anonymous_797)
FN:32,(anonymous_798)
FN:32,(anonymous_799)
FN:33,_r
FN:33,ga
FN:33,ha
FN:33,Kd
FN:33,_n
FN:33,Nn
FN:33,Te
FN:33,(anonymous_807)
FN:33,ba
FN:33,Hd
FN:33,(anonymous_810)
FN:33,(anonymous_811)
FN:33,(anonymous_812)
FN:33,(anonymous_813)
FN:33,ya
FN:33,(anonymous_815)
FN:33,(anonymous_816)
FN:33,Yd
FN:33,(anonymous_818)
FN:33,Ea
FN:33,wa
FN:33,(anonymous_821)
FN:33,(anonymous_822)
FN:33,(anonymous_823)
FN:33,(anonymous_824)
FN:33,(anonymous_825)
FN:33,(anonymous_826)
FN:33,(anonymous_827)
FN:33,(anonymous_828)
FN:33,(anonymous_829)
FN:33,(anonymous_830)
FN:33,(anonymous_831)
FN:33,(anonymous_832)
FN:33,(anonymous_833)
FN:33,(anonymous_834)
FN:33,(anonymous_835)
FN:33,(anonymous_836)
FN:33,(anonymous_837)
FN:33,(anonymous_838)
FN:33,(anonymous_839)
FN:33,(anonymous_840)
FN:33,(anonymous_841)
FN:33,(anonymous_842)
FN:33,xa
FN:33,va
FN:33,(anonymous_845)
FN:33,(anonymous_846)
FN:33,Se
FN:33,$n
FN:33,Et
FN:33,Zd
FN:33,Xd
FN:33,em
FN:33,rm
FN:33,tm
FN:33,Sa
FN:33,Ra
FN:33,nm
FN:33,im
FN:33,om
FN:33,eo
FN:33,(anonymous_861)
FN:33,(anonymous_862)
FN:33,(anonymous_863)
FN:33,(anonymous_864)
FN:33,(anonymous_865)
FN:33,(anonymous_866)
FN:33,(anonymous_867)
FN:33,(anonymous_868)
FN:33,(anonymous_869)
FN:33,(anonymous_870)
FN:33,(anonymous_871)
FN:33,(anonymous_872)
FN:33,(anonymous_873)
FN:33,(anonymous_874)
FN:33,(anonymous_875)
FN:33,(anonymous_876)
FN:33,Aa
FN:33,(anonymous_878)
FN:33,(anonymous_879)
FN:33,(anonymous_880)
FN:33,Ca
FN:33,(anonymous_882)
FN:33,(anonymous_883)
FN:33,sm
FN:33,ro
FN:33,(anonymous_886)
FN:33,(anonymous_887)
FN:33,(anonymous_888)
FN:33,(anonymous_889)
FN:33,Ia
FN:33,(anonymous_891)
FN:33,Vn
FN:33,(anonymous_893)
FN:33,(anonymous_894)
FN:33,(anonymous_895)
FN:33,(anonymous_896)
FN:33,(anonymous_897)
FN:33,(anonymous_898)
FN:33,Da
FN:33,no
FN:33,io
FN:33,xt
FN:33,(anonymous_903)
FN:33,(anonymous_904)
FN:33,re
FN:33,(anonymous_906)
FN:33,(anonymous_907)
FN:33,lr
FN:33,(anonymous_909)
FN:33,(anonymous_910)
FN:33,(anonymous_911)
FN:33,(anonymous_912)
FN:33,Bn
FN:33,(anonymous_914)
FN:33,(anonymous_915)
FN:33,(anonymous_916)
FN:33,(anonymous_917)
FN:33,(anonymous_918)
FN:33,he
FN:33,(anonymous_920)
FN:33,(anonymous_921)
FN:33,(anonymous_922)
FN:33,(anonymous_923)
FN:33,(anonymous_924)
FN:33,(anonymous_925)
FN:33,(anonymous_926)
FN:33,(anonymous_927)
FN:33,am
FN:33,_a
FN:33,(anonymous_930)
FN:33,Fr
FN:33,(anonymous_932)
FN:33,(anonymous_933)
FN:33,(anonymous_934)
FN:33,Mr
FN:33,Na
FN:33,$r
FN:33,um
FN:34,La
FN:35,(anonymous_940)
FN:35,dm
FN:35,fm
FN:35,ym
FN:35,Em
FN:35,xm
FN:35,(anonymous_946)
FN:35,(anonymous_947)
FN:35,(anonymous_948)
FN:35,(anonymous_949)
FN:35,Ze
FN:35,qr
FN:35,(anonymous_952)
FN:35,Pm
FN:35,Un
FN:35,(anonymous_955)
FN:35,Ma
FN:35,Tm
FN:35,Sm
FN:35,(anonymous_959)
FN:35,(anonymous_960)
FN:35,$a
FN:35,Rm
FN:35,Am
FN:35,(anonymous_964)
FN:35,(anonymous_965)
FN:35,qa
FN:35,Va
FN:35,(anonymous_968)
FN:35,(anonymous_969)
FN:35,(anonymous_970)
FN:35,ja
FN:35,(anonymous_972)
FN:35,(anonymous_973)
FN:35,(anonymous_974)
FN:35,(anonymous_975)
FN:35,(anonymous_976)
FN:35,(anonymous_977)
FN:35,(anonymous_978)
FN:35,Cm
FN:35,Im
FN:35,lo
FN:35,(anonymous_982)
FN:35,(anonymous_983)
FN:35,(anonymous_984)
FN:35,Dm
FN:35,(anonymous_986)
FN:35,(anonymous_987)
FN:35,uo
FN:35,(anonymous_989)
FN:35,(anonymous_990)
FN:35,(anonymous_991)
FN:35,_m
FN:35,(anonymous_993)
FN:35,(anonymous_994)
FN:35,(anonymous_995)
FN:35,(anonymous_996)
FN:35,(anonymous_997)
FN:35,Nm
FN:35,Lm
FN:35,(anonymous_1000)
FN:35,Ga
FN:35,(anonymous_1002)
FN:35,Pt
FN:35,(anonymous_1004)
FN:35,(anonymous_1005)
FN:35,Fm
FN:35,(anonymous_1007)
FN:35,(anonymous_1008)
FN:35,Mm
FN:35,(anonymous_1010)
FN:35,(anonymous_1011)
FN:35,(anonymous_1012)
FN:35,Qa
FN:35,Wa
FN:35,Ja
FN:35,(anonymous_1016)
FN:35,(anonymous_1017)
FN:35,$m
FN:35,(anonymous_1019)
FN:35,qm
FN:35,(anonymous_1021)
FN:35,Gn
FN:35,Ka
FN:35,(anonymous_1024)
FN:35,Ha
FN:35,(anonymous_1026)
FN:35,za
FN:35,jm
FN:35,Bm
FN:35,Tt
FN:35,Xa
FN:35,(anonymous_1032)
FN:35,(anonymous_1033)
FN:35,el
FN:35,rl
FN:35,(anonymous_1036)
FN:35,tl
FN:35,(anonymous_1038)
FN:35,(anonymous_1039)
FN:35,(anonymous_1040)
FN:35,nl
FN:35,(anonymous_1042)
FN:35,sl
FN:37,al
FN:37,Qn
FN:39,Um
FN:39,Xe
FN:39,er
FN:40,(anonymous_1049)
FN:41,ll
FN:46,Wn
FN:47,Jn
FN:49,ul
FN:56,cl
FN:56,(anonymous_1055)
FN:61,pl
FN:68,(anonymous_1057)
FN:68,ml
FN:68,(anonymous_1059)
FN:68,(anonymous_1060)
FN:68,Wm
FN:68,fl
FN:68,gl
FN:68,(anonymous_1064)
FN:68,hl
FN:69,(anonymous_1066)
FN:70,bl
FN:70,El
FN:114,wl
FN:114,Jm
FN:114,Km
FN:114,Vr
FN:114,Hm
FN:114,(anonymous_1074)
FN:114,(anonymous_1075)
FN:114,(anonymous_1076)
FN:114,(anonymous_1077)
FN:114,(anonymous_1078)
FN:114,(anonymous_1079)
FN:114,nf
FN:114,(anonymous_1081)
FN:114,Kn
FN:114,jr
FN:114,(anonymous_1084)
FN:114,(anonymous_1085)
FN:114,(anonymous_1086)
FN:114,R
FN:114,(anonymous_1088)
FN:114,vl
FN:114,(anonymous_1090)
FN:114,(anonymous_1091)
FN:114,sf
FN:114,po
FN:114,(anonymous_1094)
FN:114,(anonymous_1095)
FN:114,(anonymous_1096)
FN:114,(anonymous_1097)
FN:114,(anonymous_1098)
FN:114,(anonymous_1099)
FN:114,(anonymous_1100)
FN:114,(anonymous_1101)
FN:114,(anonymous_1102)
FN:114,(anonymous_1103)
FN:114,(anonymous_1104)
FN:114,(anonymous_1105)
FN:114,(anonymous_1106)
FN:114,(anonymous_1107)
FN:114,(anonymous_1108)
FN:114,uf
FN:114,Ft
FN:114,Gr
FN:114,Tl
FN:114,(anonymous_1113)
FN:114,(anonymous_1114)
FN:114,Sl
FN:114,Rl
FN:114,(anonymous_1117)
FN:114,(anonymous_1118)
FN:115,dr
FN:115,(anonymous_1120)
FN:115,df
FN:115,Il
FN:115,mf
FN:115,(anonymous_1124)
FN:115,(anonymous_1125)
FN:115,(anonymous_1126)
FN:115,(anonymous_1127)
FN:115,(anonymous_1128)
FN:115,(anonymous_1129)
FN:115,(anonymous_1130)
FN:115,(anonymous_1131)
FN:115,(anonymous_1132)
FN:115,(anonymous_1133)
FN:115,(anonymous_1134)
FN:115,(anonymous_1135)
FN:115,(anonymous_1136)
FN:115,(anonymous_1137)
FN:115,(anonymous_1138)
FN:115,(anonymous_1139)
FN:115,(anonymous_1140)
FN:115,(anonymous_1141)
FN:115,(anonymous_1142)
FN:115,(anonymous_1143)
FN:115,(anonymous_1144)
FN:115,(anonymous_1145)
FN:115,(anonymous_1146)
FN:115,(anonymous_1147)
FN:115,(anonymous_1148)
FN:115,(anonymous_1149)
FN:115,Ol
FN:115,ff
FN:115,gf
FN:115,(anonymous_1153)
FN:115,(anonymous_1154)
FN:115,(anonymous_1155)
FN:115,(anonymous_1156)
FN:115,(anonymous_1157)
FN:115,(anonymous_1158)
FN:115,(anonymous_1159)
FN:115,yf
FN:115,bf
FN:115,wf
FN:115,(anonymous_1163)
FN:115,(anonymous_1164)
FN:115,(anonymous_1165)
FN:115,(anonymous_1166)
FN:115,(anonymous_1167)
FN:115,(anonymous_1168)
FN:115,(anonymous_1169)
FN:115,(anonymous_1170)
FN:115,(anonymous_1171)
FN:115,(anonymous_1172)
FN:116,(anonymous_1173)
FN:116,(anonymous_1174)
FN:116,(anonymous_1175)
FN:116,(anonymous_1176)
FN:116,(anonymous_1177)
FN:116,(anonymous_1178)
FN:116,(anonymous_1179)
FN:116,(anonymous_1180)
FN:116,(anonymous_1181)
FN:116,(anonymous_1182)
FN:116,(anonymous_1183)
FN:116,(anonymous_1184)
FN:116,(anonymous_1185)
FN:116,(anonymous_1186)
FN:116,(anonymous_1187)
FN:117,(anonymous_1188)
FN:117,(anonymous_1189)
FN:117,(anonymous_1190)
FN:117,(anonymous_1191)
FN:117,(anonymous_1192)
FN:117,xf
FN:117,Po
FN:117,Fl
FN:117,(anonymous_1196)
FN:117,(anonymous_1197)
FN:118,h
FN:118,Ml
FN:118,$l
FN:118,(anonymous_1201)
FN:118,(anonymous_1202)
FN:118,(anonymous_1203)
FN:118,Wr
FN:118,jl
FN:118,(anonymous_1206)
FN:118,Ul
FN:118,(anonymous_1208)
FN:118,vf
FN:118,Gl
FN:118,Bl
FN:118,To
FN:125,(anonymous_1213)
FN:125,(anonymous_1214)
FN:125,(anonymous_1215)
FN:125,(anonymous_1216)
FN:125,(anonymous_1217)
FN:125,(anonymous_1218)
FN:125,Ro
FN:125,(anonymous_1220)
FN:125,(anonymous_1221)
FN:125,(anonymous_1222)
FN:125,(anonymous_1223)
FN:125,(anonymous_1224)
FN:125,(anonymous_1225)
FN:125,(anonymous_1226)
FN:125,Kl
FN:125,(anonymous_1228)
FN:125,(anonymous_1229)
FN:125,(anonymous_1230)
FN:125,(anonymous_1231)
FN:125,(anonymous_1232)
FN:125,(anonymous_1233)
FN:125,(anonymous_1234)
FN:125,(anonymous_1235)
FN:125,(anonymous_1236)
FN:125,(anonymous_1237)
FN:125,(anonymous_1238)
FN:125,Hl
FN:125,Yl
FN:125,(anonymous_1241)
FN:125,(anonymous_1242)
FN:125,(anonymous_1243)
FN:125,zl
FN:125,(anonymous_1245)
FN:125,zn
FN:125,Zl
FN:125,Co
FN:125,(anonymous_1249)
FN:125,Io
FN:125,(anonymous_1251)
FN:125,(anonymous_1252)
FN:125,(anonymous_1253)
FN:125,(anonymous_1254)
FN:125,(anonymous_1255)
FN:125,(anonymous_1256)
FN:125,(anonymous_1257)
FN:125,(anonymous_1258)
FN:125,(anonymous_1259)
FN:125,(anonymous_1260)
FN:125,(anonymous_1261)
FN:125,(anonymous_1262)
FN:125,mr
FN:125,(anonymous_1264)
FN:125,(anonymous_1265)
FN:125,(anonymous_1266)
FN:125,(anonymous_1267)
FN:125,(anonymous_1268)
FN:125,(anonymous_1269)
FN:125,Xn
FN:125,Af
FN:125,(anonymous_1272)
FN:125,(anonymous_1273)
FN:125,(anonymous_1274)
FN:125,(anonymous_1275)
FN:125,(anonymous_1276)
FN:125,(anonymous_1277)
FN:125,(anonymous_1278)
FN:125,(anonymous_1279)
FN:125,(anonymous_1280)
FN:125,(anonymous_1281)
FN:125,(anonymous_1282)
FN:125,(anonymous_1283)
FN:125,(anonymous_1284)
FN:125,(anonymous_1285)
FN:125,(anonymous_1286)
FN:125,(anonymous_1287)
FN:125,If
FN:125,Xl
FN:125,Df
FN:125,Of
FN:125,eu
FN:125,(anonymous_1293)
FN:126,(anonymous_1294)
FN:126,(anonymous_1295)
FN:129,(anonymous_1296)
FN:129,(anonymous_1297)
FN:130,(anonymous_1298)
FN:130,(anonymous_1299)
FN:130,r
FN:130,(anonymous_1301)
FN:130,(anonymous_1302)
FN:130,(anonymous_1303)
FN:130,(anonymous_1304)
FN:130,(anonymous_1305)
FN:130,au
FN:130,Jr
FN:130,_f
FN:130,(anonymous_1309)
FN:130,(anonymous_1310)
FN:130,Nf
FN:130,ou
FN:130,(anonymous_1313)
FN:130,Lf
FN:130,(anonymous_1315)
FN:130,(anonymous_1316)
FN:130,(anonymous_1317)
FN:130,(anonymous_1318)
FN:134,lu
FN:134,(anonymous_1320)
FN:134,(anonymous_1321)
FN:134,(anonymous_1322)
FN:134,(anonymous_1323)
FN:134,(anonymous_1324)
FN:134,(anonymous_1325)
FN:134,(anonymous_1326)
FN:134,(anonymous_1327)
FN:134,fu
FN:134,(anonymous_1329)
FN:134,(anonymous_1330)
FN:134,(anonymous_1331)
FN:134,(anonymous_1332)
FN:134,(anonymous_1333)
FN:134,(anonymous_1334)
FN:134,(anonymous_1335)
FN:134,(anonymous_1336)
FN:134,(anonymous_1337)
FN:134,(anonymous_1338)
FN:134,(anonymous_1339)
FN:134,(anonymous_1340)
FN:134,(anonymous_1341)
FN:134,(anonymous_1342)
FN:134,(anonymous_1343)
FN:134,(anonymous_1344)
FN:134,(anonymous_1345)
FN:134,(anonymous_1346)
FN:134,(anonymous_1347)
FN:134,(anonymous_1348)
FN:134,(anonymous_1349)
FN:134,(anonymous_1350)
FN:134,(anonymous_1351)
FN:134,(anonymous_1352)
FN:134,(anonymous_1353)
FN:134,(anonymous_1354)
FN:134,(anonymous_1355)
FN:134,(anonymous_1356)
FN:134,(anonymous_1357)
FN:134,(anonymous_1358)
FN:134,(anonymous_1359)
FN:134,(anonymous_1360)
FN:134,(anonymous_1361)
FN:134,(anonymous_1362)
FN:134,(anonymous_1363)
FN:134,(anonymous_1364)
FN:134,(anonymous_1365)
FN:134,(anonymous_1366)
FN:134,(anonymous_1367)
FN:134,(anonymous_1368)
FN:135,(anonymous_1369)
FN:135,(anonymous_1370)
FN:135,uu
FN:135,qf
FN:135,gu
FN:135,(anonymous_1374)
FN:135,hu
FNF:1376
FNH:323
FNDA:8,(anonymous_0)
FNDA:8,(anonymous_1)
FNDA:48,(anonymous_2)
FNDA:72,(anonymous_3)
FNDA:28,(anonymous_4)
FNDA:120,(anonymous_5)
FNDA:90,(anonymous_6)
FNDA:116,(anonymous_7)
FNDA:4,(anonymous_8)
FNDA:4,(anonymous_9)
FNDA:144,(anonymous_10)
FNDA:4,(anonymous_11)
FNDA:16,yi
FNDA:16,bi
FNDA:0,(anonymous_14)
FNDA:8,Mc
FNDA:4,(anonymous_16)
FNDA:0,ls
FNDA:0,(anonymous_18)
FNDA:8,Ei
FNDA:4,(anonymous_20)
FNDA:4,(anonymous_21)
FNDA:4,(anonymous_22)
FNDA:4,(anonymous_23)
FNDA:8,(anonymous_24)
FNDA:24,(anonymous_25)
FNDA:4,(anonymous_26)
FNDA:0,(anonymous_27)
FNDA:4,(anonymous_28)
FNDA:4,(anonymous_29)
FNDA:0,ap
FNDA:0,lp
FNDA:0,up
FNDA:0,ot
FNDA:0,Ss
FNDA:0,cp
FNDA:0,Rs
FNDA:0,Ps
FNDA:0,pp
FNDA:0,dp
FNDA:0,mp
FNDA:0,fp
FNDA:0,gp
FNDA:4,(anonymous_43)
FNDA:0,(anonymous_44)
FNDA:4,(anonymous_45)
FNDA:4,(anonymous_46)
FNDA:0,e
FNDA:0,(anonymous_48)
FNDA:4,(anonymous_49)
FNDA:4,(anonymous_50)
FNDA:0,(anonymous_51)
FNDA:4,(anonymous_52)
FNDA:4,(anonymous_53)
FNDA:4,(anonymous_54)
FNDA:0,(anonymous_55)
FNDA:4,(anonymous_56)
FNDA:4,(anonymous_57)
FNDA:4,(anonymous_58)
FNDA:4,(anonymous_59)
FNDA:4,(anonymous_60)
FNDA:4,(anonymous_61)
FNDA:0,(anonymous_62)
FNDA:4,(anonymous_63)
FNDA:4,(anonymous_64)
FNDA:0,(anonymous_65)
FNDA:0,(anonymous_66)
FNDA:0,(anonymous_67)
FNDA:4,(anonymous_68)
FNDA:4,(anonymous_69)
FNDA:4,(anonymous_70)
FNDA:4,(anonymous_71)
FNDA:4,(anonymous_72)
FNDA:0,(anonymous_73)
FNDA:4,(anonymous_74)
FNDA:4,(anonymous_75)
FNDA:0,(anonymous_76)
FNDA:4,(anonymous_77)
FNDA:4,(anonymous_78)
FNDA:4,(anonymous_79)
FNDA:4,(anonymous_80)
FNDA:4,(anonymous_81)
FNDA:4,(anonymous_82)
FNDA:0,ko
FNDA:0,(anonymous_84)
FNDA:0,_o
FNDA:4,(anonymous_86)
FNDA:0,No
FNDA:0,(anonymous_88)
FNDA:0,(anonymous_89)
FNDA:0,(anonymous_90)
FNDA:0,(anonymous_91)
FNDA:0,(anonymous_92)
FNDA:0,(anonymous_93)
FNDA:0,(anonymous_94)
FNDA:0,(anonymous_95)
FNDA:0,(anonymous_96)
FNDA:0,(anonymous_97)
FNDA:0,(anonymous_98)
FNDA:0,(anonymous_99)
FNDA:0,(anonymous_100)
FNDA:0,(anonymous_101)
FNDA:0,(anonymous_102)
FNDA:0,(anonymous_103)
FNDA:0,(anonymous_104)
FNDA:0,(anonymous_105)
FNDA:0,(anonymous_106)
FNDA:0,(anonymous_107)
FNDA:0,(anonymous_108)
FNDA:0,(anonymous_109)
FNDA:0,(anonymous_110)
FNDA:0,(anonymous_111)
FNDA:0,(anonymous_112)
FNDA:0,(anonymous_113)
FNDA:0,(anonymous_114)
FNDA:0,(anonymous_115)
FNDA:104,F
FNDA:20,(anonymous_117)
FNDA:0,(anonymous_118)
FNDA:0,(anonymous_119)
FNDA:120,(anonymous_120)
FNDA:120,(anonymous_121)
FNDA:120,(anonymous_122)
FNDA:120,(anonymous_123)
FNDA:0,(anonymous_124)
FNDA:54,Bu
FNDA:0,(anonymous_126)
FNDA:58,(anonymous_127)
FNDA:0,(anonymous_128)
FNDA:0,(anonymous_129)
FNDA:0,(anonymous_130)
FNDA:8,(anonymous_131)
FNDA:0,(anonymous_132)
FNDA:0,Uu
FNDA:0,(anonymous_134)
FNDA:0,Bo
FNDA:0,(anonymous_136)
FNDA:0,(anonymous_137)
FNDA:0,Uo
FNDA:2,ai
FNDA:2,Gt
FNDA:0,(anonymous_141)
FNDA:0,(anonymous_142)
FNDA:0,(anonymous_143)
FNDA:0,(anonymous_144)
FNDA:0,(anonymous_145)
FNDA:0,(anonymous_146)
FNDA:0,(anonymous_147)
FNDA:0,(anonymous_148)
FNDA:0,(anonymous_149)
FNDA:0,(anonymous_150)
FNDA:0,(anonymous_151)
FNDA:32,pe
FNDA:0,(anonymous_153)
FNDA:0,(anonymous_154)
FNDA:0,(anonymous_155)
FNDA:0,(anonymous_156)
FNDA:0,Qu
FNDA:0,(anonymous_158)
FNDA:0,(anonymous_159)
FNDA:0,(anonymous_160)
FNDA:0,(anonymous_161)
FNDA:0,(anonymous_162)
FNDA:0,q
FNDA:0,(anonymous_164)
FNDA:0,(anonymous_165)
FNDA:0,(anonymous_166)
FNDA:0,(anonymous_167)
FNDA:0,(anonymous_168)
FNDA:0,Wu
FNDA:0,(anonymous_170)
FNDA:0,(anonymous_171)
FNDA:0,(anonymous_172)
FNDA:0,(anonymous_173)
FNDA:0,(anonymous_174)
FNDA:0,(anonymous_175)
FNDA:32,A
FNDA:0,(anonymous_177)
FNDA:0,(anonymous_178)
FNDA:0,Qo
FNDA:0,(anonymous_180)
FNDA:0,(anonymous_181)
FNDA:0,(anonymous_182)
FNDA:0,(anonymous_183)
FNDA:0,ye
FNDA:0,Ve
FNDA:0,je
FNDA:0,(anonymous_187)
FNDA:4,(anonymous_188)
FNDA:0,(anonymous_189)
FNDA:0,(anonymous_190)
FNDA:0,(anonymous_191)
FNDA:0,(anonymous_192)
FNDA:0,(anonymous_193)
FNDA:0,(anonymous_194)
FNDA:0,(anonymous_195)
FNDA:0,(anonymous_196)
FNDA:0,(anonymous_197)
FNDA:0,(anonymous_198)
FNDA:0,(anonymous_199)
FNDA:0,(anonymous_200)
FNDA:0,(anonymous_201)
FNDA:0,(anonymous_202)
FNDA:0,(anonymous_203)
FNDA:0,(anonymous_204)
FNDA:0,(anonymous_205)
FNDA:4,(anonymous_206)
FNDA:0,(anonymous_207)
FNDA:0,(anonymous_208)
FNDA:0,(anonymous_209)
FNDA:0,(anonymous_210)
FNDA:0,(anonymous_211)
FNDA:0,(anonymous_212)
FNDA:0,(anonymous_213)
FNDA:0,(anonymous_214)
FNDA:0,(anonymous_215)
FNDA:0,(anonymous_216)
FNDA:0,(anonymous_217)
FNDA:0,(anonymous_218)
FNDA:0,(anonymous_219)
FNDA:0,(anonymous_220)
FNDA:0,(anonymous_221)
FNDA:0,(anonymous_222)
FNDA:0,(anonymous_223)
FNDA:0,(anonymous_224)
FNDA:0,(anonymous_225)
FNDA:0,(anonymous_226)
FNDA:0,(anonymous_227)
FNDA:0,(anonymous_228)
FNDA:0,(anonymous_229)
FNDA:4,(anonymous_230)
FNDA:0,(anonymous_231)
FNDA:0,(anonymous_232)
FNDA:0,(anonymous_233)
FNDA:0,(anonymous_234)
FNDA:0,(anonymous_235)
FNDA:0,(anonymous_236)
FNDA:0,(anonymous_237)
FNDA:0,(anonymous_238)
FNDA:0,(anonymous_239)
FNDA:0,(anonymous_240)
FNDA:0,(anonymous_241)
FNDA:0,(anonymous_242)
FNDA:0,(anonymous_243)
FNDA:0,(anonymous_244)
FNDA:0,(anonymous_245)
FNDA:0,(anonymous_246)
FNDA:0,(anonymous_247)
FNDA:0,(anonymous_248)
FNDA:0,(anonymous_249)
FNDA:0,(anonymous_250)
FNDA:0,(anonymous_251)
FNDA:0,(anonymous_252)
FNDA:0,(anonymous_253)
FNDA:0,(anonymous_254)
FNDA:0,hr
FNDA:0,(anonymous_256)
FNDA:0,(anonymous_257)
FNDA:0,(anonymous_258)
FNDA:0,(anonymous_259)
FNDA:0,(anonymous_260)
FNDA:0,(anonymous_261)
FNDA:0,(anonymous_262)
FNDA:0,(anonymous_263)
FNDA:0,(anonymous_264)
FNDA:0,(anonymous_265)
FNDA:0,Jt
FNDA:2,Yo
FNDA:0,zu
FNDA:0,(anonymous_269)
FNDA:0,(anonymous_270)
FNDA:0,(anonymous_271)
FNDA:0,(anonymous_272)
FNDA:0,(anonymous_273)
FNDA:0,(anonymous_274)
FNDA:0,(anonymous_275)
FNDA:0,(anonymous_276)
FNDA:0,(anonymous_277)
FNDA:0,(anonymous_278)
FNDA:0,(anonymous_279)
FNDA:0,(anonymous_280)
FNDA:0,Zu
FNDA:0,Xu
FNDA:0,Wo
FNDA:0,zo
FNDA:0,(anonymous_285)
FNDA:0,ec
FNDA:0,(anonymous_287)
FNDA:0,(anonymous_288)
FNDA:0,(anonymous_289)
FNDA:0,(anonymous_290)
FNDA:0,rc
FNDA:0,Jo
FNDA:0,tc
FNDA:0,(anonymous_294)
FNDA:4,ir
FNDA:6,nc
FNDA:2,fi
FNDA:6,Zo
FNDA:2,ic
FNDA:0,(anonymous_300)
FNDA:0,(anonymous_301)
FNDA:0,oc
FNDA:0,Yt
FNDA:0,(anonymous_304)
FNDA:0,sc
FNDA:0,Xo
FNDA:0,(anonymous_307)
FNDA:0,(anonymous_308)
FNDA:0,(anonymous_309)
FNDA:0,(anonymous_310)
FNDA:0,(anonymous_311)
FNDA:0,(anonymous_312)
FNDA:0,(anonymous_313)
FNDA:0,(anonymous_314)
FNDA:0,(anonymous_315)
FNDA:0,(anonymous_316)
FNDA:0,(anonymous_317)
FNDA:0,(anonymous_318)
FNDA:0,(anonymous_319)
FNDA:0,(anonymous_320)
FNDA:0,(anonymous_321)
FNDA:0,(anonymous_322)
FNDA:0,(anonymous_323)
FNDA:0,(anonymous_324)
FNDA:0,(anonymous_325)
FNDA:0,(anonymous_326)
FNDA:0,(anonymous_327)
FNDA:0,(anonymous_328)
FNDA:0,(anonymous_329)
FNDA:0,(anonymous_330)
FNDA:0,(anonymous_331)
FNDA:0,(anonymous_332)
FNDA:0,(anonymous_333)
FNDA:0,(anonymous_334)
FNDA:0,(anonymous_335)
FNDA:0,(anonymous_336)
FNDA:0,(anonymous_337)
FNDA:0,(anonymous_338)
FNDA:0,(anonymous_339)
FNDA:0,(anonymous_340)
FNDA:0,(anonymous_341)
FNDA:0,(anonymous_342)
FNDA:0,(anonymous_343)
FNDA:0,(anonymous_344)
FNDA:0,(anonymous_345)
FNDA:0,(anonymous_346)
FNDA:0,(anonymous_347)
FNDA:0,(anonymous_348)
FNDA:0,(anonymous_349)
FNDA:0,or
FNDA:0,(anonymous_351)
FNDA:0,wi
FNDA:2,Er
FNDA:2,jc
FNDA:0,Bc
FNDA:0,vi
FNDA:0,rn
FNDA:0,(anonymous_358)
FNDA:0,(anonymous_359)
FNDA:0,sr
FNDA:0,(anonymous_361)
FNDA:0,(anonymous_362)
FNDA:0,(anonymous_363)
FNDA:0,(anonymous_364)
FNDA:0,(anonymous_365)
FNDA:0,(anonymous_366)
FNDA:0,(anonymous_367)
FNDA:0,(anonymous_368)
FNDA:0,ke
FNDA:0,(anonymous_370)
FNDA:0,Gc
FNDA:0,(anonymous_372)
FNDA:0,ms
FNDA:0,Ri
FNDA:0,Ai
FNDA:0,(anonymous_376)
FNDA:0,(anonymous_377)
FNDA:0,(anonymous_378)
FNDA:0,(anonymous_379)
FNDA:0,(anonymous_380)
FNDA:0,(anonymous_381)
FNDA:0,(anonymous_382)
FNDA:0,(anonymous_383)
FNDA:0,(anonymous_384)
FNDA:0,(anonymous_385)
FNDA:0,(anonymous_386)
FNDA:0,(anonymous_387)
FNDA:0,(anonymous_388)
FNDA:8,Ci
FNDA:2,an
FNDA:0,Ii
FNDA:0,ki
FNDA:0,(anonymous_393)
FNDA:0,(anonymous_394)
FNDA:0,Kc
FNDA:0,(anonymous_396)
FNDA:0,(anonymous_397)
FNDA:0,Hc
FNDA:0,(anonymous_399)
FNDA:0,(anonymous_400)
FNDA:0,Yc
FNDA:0,(anonymous_402)
FNDA:0,(anonymous_403)
FNDA:0,(anonymous_404)
FNDA:0,(anonymous_405)
FNDA:8,(anonymous_406)
FNDA:0,(anonymous_407)
FNDA:0,(anonymous_408)
FNDA:8,(anonymous_409)
FNDA:0,(anonymous_410)
FNDA:0,(anonymous_411)
FNDA:8,zc
FNDA:0,_i
FNDA:0,Zc
FNDA:0,Xc
FNDA:0,ep
FNDA:0,ln
FNDA:0,ar
FNDA:4,Ni
FNDA:8,wr
FNDA:32,Li
FNDA:0,Cs
FNDA:0,(anonymous_423)
FNDA:0,(anonymous_424)
FNDA:6,st
FNDA:4,hp
FNDA:0,(anonymous_427)
FNDA:0,(anonymous_428)
FNDA:12,Is
FNDA:10,Ds
FNDA:12,yp
FNDA:0,Vi
FNDA:0,pn
FNDA:0,ji
FNDA:88,x
FNDA:0,(anonymous_436)
FNDA:18,(anonymous_437)
FNDA:0,(anonymous_438)
FNDA:0,(anonymous_439)
FNDA:0,(anonymous_440)
FNDA:0,(anonymous_441)
FNDA:0,(anonymous_442)
FNDA:0,(anonymous_443)
FNDA:0,(anonymous_444)
FNDA:0,(anonymous_445)
FNDA:0,(anonymous_446)
FNDA:0,(anonymous_447)
FNDA:8,(anonymous_448)
FNDA:26,(anonymous_449)
FNDA:0,We
FNDA:0,_s
FNDA:8,lt
FNDA:2,(anonymous_453)
FNDA:0,Ns
FNDA:0,Bi
FNDA:17,vr
FNDA:3,mn
FNDA:0,(anonymous_458)
FNDA:0,(anonymous_459)
FNDA:0,(anonymous_460)
FNDA:0,(anonymous_461)
FNDA:0,(anonymous_462)
FNDA:0,(anonymous_463)
FNDA:0,(anonymous_464)
FNDA:0,(anonymous_465)
FNDA:0,(anonymous_466)
FNDA:0,(anonymous_467)
FNDA:0,(anonymous_468)
FNDA:0,(anonymous_469)
FNDA:0,(anonymous_470)
FNDA:0,(anonymous_471)
FNDA:0,(anonymous_472)
FNDA:0,(anonymous_473)
FNDA:0,(anonymous_474)
FNDA:0,(anonymous_475)
FNDA:0,(anonymous_476)
FNDA:0,(anonymous_477)
FNDA:0,(anonymous_478)
FNDA:0,(anonymous_479)
FNDA:0,(anonymous_480)
FNDA:0,(anonymous_481)
FNDA:0,(anonymous_482)
FNDA:0,(anonymous_483)
FNDA:0,(anonymous_484)
FNDA:0,(anonymous_485)
FNDA:0,(anonymous_486)
FNDA:0,(anonymous_487)
FNDA:0,(anonymous_488)
FNDA:0,(anonymous_489)
FNDA:0,(anonymous_490)
FNDA:0,(anonymous_491)
FNDA:0,(anonymous_492)
FNDA:0,(anonymous_493)
FNDA:0,(anonymous_494)
FNDA:0,(anonymous_495)
FNDA:0,(anonymous_496)
FNDA:0,(anonymous_497)
FNDA:0,(anonymous_498)
FNDA:0,(anonymous_499)
FNDA:0,(anonymous_500)
FNDA:0,(anonymous_501)
FNDA:0,(anonymous_502)
FNDA:0,(anonymous_503)
FNDA:0,(anonymous_504)
FNDA:0,(anonymous_505)
FNDA:0,(anonymous_506)
FNDA:0,(anonymous_507)
FNDA:0,(anonymous_508)
FNDA:0,(anonymous_509)
FNDA:0,(anonymous_510)
FNDA:0,(anonymous_511)
FNDA:0,(anonymous_512)
FNDA:0,(anonymous_513)
FNDA:0,(anonymous_514)
FNDA:0,(anonymous_515)
FNDA:0,J
FNDA:0,ne
FNDA:0,ut
FNDA:0,fn
FNDA:0,Pp
FNDA:4,(anonymous_521)
FNDA:0,e
FNDA:0,r
FNDA:0,t
FNDA:0,(anonymous_525)
FNDA:0,y
FNDA:0,ve
FNDA:0,wn
FNDA:0,bn
FNDA:0,xe
FNDA:0,Us
FNDA:0,Je
FNDA:0,Gs
FNDA:0,Ls
FNDA:0,Qs
FNDA:0,Wi
FNDA:0,Ke
FNDA:0,Ws
FNDA:8,gn
FNDA:0,Tp
FNDA:0,Sp
FNDA:0,Tr
FNDA:0,xn
FNDA:0,Js
FNDA:0,Ji
FNDA:0,Fs
FNDA:0,Rp
FNDA:0,Ap
FNDA:0,Cp
FNDA:0,Ip
FNDA:0,Dp
FNDA:0,Op
FNDA:0,kp
FNDA:0,_p
FNDA:0,Np
FNDA:0,Lp
FNDA:0,Fp
FNDA:0,Mp
FNDA:4,$p
FNDA:0,qp
FNDA:0,Vp
FNDA:4,Ks
FNDA:8,i
FNDA:0,jp
FNDA:0,Bp
FNDA:0,Up
FNDA:0,Gp
FNDA:22,Ms
FNDA:0,Qp
FNDA:0,Wp
FNDA:0,Jp
FNDA:0,Kp
FNDA:0,Hp
FNDA:0,Yp
FNDA:0,zp
FNDA:0,Zp
FNDA:0,Xp
FNDA:0,ed
FNDA:0,rd
FNDA:0,td
FNDA:0,nd
FNDA:0,id
FNDA:0,od
FNDA:0,sd
FNDA:0,ad
FNDA:0,ld
FNDA:0,ud
FNDA:0,cd
FNDA:14,Sr
FNDA:0,(anonymous_590)
FNDA:0,(anonymous_591)
FNDA:0,pd
FNDA:0,(anonymous_593)
FNDA:4,(anonymous_594)
FNDA:0,(anonymous_595)
FNDA:0,(anonymous_596)
FNDA:0,(anonymous_597)
FNDA:0,(anonymous_598)
FNDA:0,(anonymous_599)
FNDA:636,(anonymous_600)
FNDA:332,(anonymous_601)
FNDA:320,e
FNDA:48,(anonymous_603)
FNDA:8,(anonymous_604)
FNDA:4,(anonymous_605)
FNDA:316,(anonymous_606)
FNDA:100,e
FNDA:0,(anonymous_608)
FNDA:0,(anonymous_609)
FNDA:0,(anonymous_610)
FNDA:0,(anonymous_611)
FNDA:0,(anonymous_612)
FNDA:0,ge
FNDA:0,(anonymous_614)
FNDA:0,(anonymous_615)
FNDA:0,fd
FNDA:0,Ys
FNDA:0,gd
FNDA:0,(anonymous_619)
FNDA:8,zs
FNDA:8,(anonymous_621)
FNDA:8,(anonymous_622)
FNDA:48,(anonymous_623)
FNDA:8,(anonymous_624)
FNDA:8,(anonymous_625)
FNDA:24,(anonymous_626)
FNDA:96,(anonymous_627)
FNDA:8,(anonymous_628)
FNDA:8,(anonymous_629)
FNDA:32,(anonymous_630)
FNDA:8,(anonymous_631)
FNDA:0,(anonymous_632)
FNDA:8,(anonymous_633)
FNDA:0,(anonymous_634)
FNDA:16,(anonymous_635)
FNDA:32,(anonymous_636)
FNDA:32,(anonymous_637)
FNDA:16,(anonymous_638)
FNDA:8,(anonymous_639)
FNDA:8,(anonymous_640)
FNDA:8,bd
FNDA:8,Ed
FNDA:8,(anonymous_643)
FNDA:32,(anonymous_644)
FNDA:32,(anonymous_645)
FNDA:8,wd
FNDA:8,xd
FNDA:8,vd
FNDA:8,Pd
FNDA:8,Tn
FNDA:0,na
FNDA:0,(anonymous_652)
FNDA:0,ia
FNDA:0,(anonymous_654)
FNDA:0,Td
FNDA:0,Sd
FNDA:0,Rd
FNDA:0,(anonymous_658)
FNDA:0,ra
FNDA:0,ta
FNDA:0,(anonymous_661)
FNDA:0,(anonymous_662)
FNDA:0,(anonymous_663)
FNDA:0,(anonymous_664)
FNDA:0,(anonymous_665)
FNDA:0,(anonymous_666)
FNDA:0,(anonymous_667)
FNDA:0,(anonymous_668)
FNDA:0,(anonymous_669)
FNDA:0,(anonymous_670)
FNDA:0,(anonymous_671)
FNDA:0,(anonymous_672)
FNDA:0,(anonymous_673)
FNDA:0,(anonymous_674)
FNDA:0,(anonymous_675)
FNDA:0,(anonymous_676)
FNDA:0,(anonymous_677)
FNDA:0,(anonymous_678)
FNDA:0,(anonymous_679)
FNDA:0,(anonymous_680)
FNDA:0,(anonymous_681)
FNDA:0,(anonymous_682)
FNDA:0,(anonymous_683)
FNDA:0,(anonymous_684)
FNDA:0,(anonymous_685)
FNDA:0,(anonymous_686)
FNDA:0,(anonymous_687)
FNDA:0,(anonymous_688)
FNDA:0,(anonymous_689)
FNDA:0,(anonymous_690)
FNDA:0,(anonymous_691)
FNDA:0,(anonymous_692)
FNDA:0,(anonymous_693)
FNDA:0,(anonymous_694)
FNDA:0,(anonymous_695)
FNDA:0,(anonymous_696)
FNDA:0,(anonymous_697)
FNDA:0,(anonymous_698)
FNDA:0,(anonymous_699)
FNDA:0,(anonymous_700)
FNDA:0,(anonymous_701)
FNDA:0,(anonymous_702)
FNDA:0,(anonymous_703)
FNDA:0,(anonymous_704)
FNDA:0,(anonymous_705)
FNDA:0,(anonymous_706)
FNDA:0,(anonymous_707)
FNDA:0,(anonymous_708)
FNDA:0,(anonymous_709)
FNDA:0,(anonymous_710)
FNDA:0,(anonymous_711)
FNDA:0,(anonymous_712)
FNDA:0,(anonymous_713)
FNDA:0,(anonymous_714)
FNDA:0,(anonymous_715)
FNDA:0,(anonymous_716)
FNDA:0,(anonymous_717)
FNDA:0,(anonymous_718)
FNDA:0,(anonymous_719)
FNDA:0,(anonymous_720)
FNDA:0,(anonymous_721)
FNDA:0,(anonymous_722)
FNDA:0,(anonymous_723)
FNDA:0,(anonymous_724)
FNDA:0,(anonymous_725)
FNDA:0,(anonymous_726)
FNDA:0,(anonymous_727)
FNDA:0,(anonymous_728)
FNDA:0,(anonymous_729)
FNDA:0,(anonymous_730)
FNDA:0,Sn
FNDA:0,Ad
FNDA:0,(anonymous_733)
FNDA:0,Cd
FNDA:0,(anonymous_735)
FNDA:0,Id
FNDA:0,(anonymous_737)
FNDA:0,Dd
FNDA:0,(anonymous_739)
FNDA:0,Od
FNDA:0,(anonymous_741)
FNDA:0,kd
FNDA:0,(anonymous_743)
FNDA:0,_d
FNDA:0,(anonymous_745)
FNDA:0,Nd
FNDA:0,(anonymous_747)
FNDA:0,Ld
FNDA:0,(anonymous_749)
FNDA:0,(anonymous_750)
FNDA:0,Fd
FNDA:0,(anonymous_752)
FNDA:0,(anonymous_753)
FNDA:0,ua
FNDA:0,Md
FNDA:0,(anonymous_756)
FNDA:0,(anonymous_757)
FNDA:0,ca
FNDA:0,$d
FNDA:0,(anonymous_760)
FNDA:0,(anonymous_761)
FNDA:0,qd
FNDA:0,(anonymous_763)
FNDA:0,(anonymous_764)
FNDA:0,Vd
FNDA:0,(anonymous_766)
FNDA:0,jd
FNDA:0,(anonymous_768)
FNDA:0,(anonymous_769)
FNDA:0,Bd
FNDA:0,(anonymous_771)
FNDA:0,(anonymous_772)
FNDA:0,pa
FNDA:0,Ud
FNDA:0,Gd
FNDA:0,Qd
FNDA:0,da
FNDA:0,ma
FNDA:0,Or
FNDA:0,dt
FNDA:0,In
FNDA:0,Jd
FNDA:0,(anonymous_783)
FNDA:0,(anonymous_784)
FNDA:14,kr
FNDA:12,(anonymous_786)
FNDA:12,(anonymous_787)
FNDA:0,(anonymous_788)
FNDA:0,(anonymous_789)
FNDA:12,zi
FNDA:0,(anonymous_791)
FNDA:0,(anonymous_792)
FNDA:0,(anonymous_793)
FNDA:0,(anonymous_794)
FNDA:0,(anonymous_795)
FNDA:0,(anonymous_796)
FNDA:0,(anonymous_797)
FNDA:0,(anonymous_798)
FNDA:0,(anonymous_799)
FNDA:0,_r
FNDA:0,ga
FNDA:0,ha
FNDA:0,Kd
FNDA:0,_n
FNDA:0,Nn
FNDA:194,Te
FNDA:194,(anonymous_807)
FNDA:2,ba
FNDA:0,Hd
FNDA:0,(anonymous_810)
FNDA:0,(anonymous_811)
FNDA:0,(anonymous_812)
FNDA:0,(anonymous_813)
FNDA:0,ya
FNDA:0,(anonymous_815)
FNDA:0,(anonymous_816)
FNDA:0,Yd
FNDA:0,(anonymous_818)
FNDA:3,Ea
FNDA:5,wa
FNDA:2,(anonymous_821)
FNDA:2,(anonymous_822)
FNDA:0,(anonymous_823)
FNDA:8,(anonymous_824)
FNDA:2,(anonymous_825)
FNDA:2,(anonymous_826)
FNDA:2,(anonymous_827)
FNDA:2,(anonymous_828)
FNDA:8,(anonymous_829)
FNDA:2,(anonymous_830)
FNDA:0,(anonymous_831)
FNDA:4,(anonymous_832)
FNDA:2,(anonymous_833)
FNDA:0,(anonymous_834)
FNDA:8,(anonymous_835)
FNDA:2,(anonymous_836)
FNDA:8,(anonymous_837)
FNDA:4,(anonymous_838)
FNDA:2,(anonymous_839)
FNDA:8,(anonymous_840)
FNDA:0,(anonymous_841)
FNDA:0,(anonymous_842)
FNDA:14,xa
FNDA:0,va
FNDA:4,(anonymous_845)
FNDA:0,(anonymous_846)
FNDA:55,Se
FNDA:8,$n
FNDA:8,Et
FNDA:8,Zd
FNDA:5,Xd
FNDA:0,em
FNDA:5,rm
FNDA:3,tm
FNDA:25,Sa
FNDA:22,Ra
FNDA:0,nm
FNDA:14,im
FNDA:14,om
FNDA:15,eo
FNDA:48,(anonymous_861)
FNDA:0,(anonymous_862)
FNDA:0,(anonymous_863)
FNDA:0,(anonymous_864)
FNDA:0,(anonymous_865)
FNDA:0,(anonymous_866)
FNDA:0,(anonymous_867)
FNDA:5,(anonymous_868)
FNDA:0,(anonymous_869)
FNDA:8,(anonymous_870)
FNDA:30,(anonymous_871)
FNDA:216,(anonymous_872)
FNDA:15,(anonymous_873)
FNDA:5,(anonymous_874)
FNDA:5,(anonymous_875)
FNDA:25,(anonymous_876)
FNDA:0,Aa
FNDA:2,(anonymous_878)
FNDA:0,(anonymous_879)
FNDA:0,(anonymous_880)
FNDA:4,Ca
FNDA:0,(anonymous_882)
FNDA:0,(anonymous_883)
FNDA:0,sm
FNDA:0,ro
FNDA:0,(anonymous_886)
FNDA:0,(anonymous_887)
FNDA:0,(anonymous_888)
FNDA:0,(anonymous_889)
FNDA:0,Ia
FNDA:0,(anonymous_891)
FNDA:0,Vn
FNDA:4,(anonymous_893)
FNDA:0,(anonymous_894)
FNDA:0,(anonymous_895)
FNDA:0,(anonymous_896)
FNDA:0,(anonymous_897)
FNDA:0,(anonymous_898)
FNDA:0,Da
FNDA:4,no
FNDA:0,io
FNDA:2,xt
FNDA:2,(anonymous_903)
FNDA:0,(anonymous_904)
FNDA:16,re
FNDA:16,(anonymous_906)
FNDA:0,(anonymous_907)
FNDA:6,lr
FNDA:6,(anonymous_909)
FNDA:8,(anonymous_910)
FNDA:2,(anonymous_911)
FNDA:0,(anonymous_912)
FNDA:0,Bn
FNDA:0,(anonymous_914)
FNDA:0,(anonymous_915)
FNDA:0,(anonymous_916)
FNDA:0,(anonymous_917)
FNDA:0,(anonymous_918)
FNDA:6,he
FNDA:22,(anonymous_920)
FNDA:0,(anonymous_921)
FNDA:0,(anonymous_922)
FNDA:6,(anonymous_923)
FNDA:0,(anonymous_924)
FNDA:0,(anonymous_925)
FNDA:0,(anonymous_926)
FNDA:0,(anonymous_927)
FNDA:6,am
FNDA:0,_a
FNDA:0,(anonymous_930)
FNDA:0,Fr
FNDA:0,(anonymous_932)
FNDA:0,(anonymous_933)
FNDA:0,(anonymous_934)
FNDA:0,Mr
FNDA:0,Na
FNDA:0,$r
FNDA:0,um
FNDA:8,La
FNDA:177,(anonymous_940)
FNDA:177,dm
FNDA:10,fm
FNDA:10,ym
FNDA:8,Em
FNDA:10,xm
FNDA:0,(anonymous_946)
FNDA:8,(anonymous_947)
FNDA:8,(anonymous_948)
FNDA:32,(anonymous_949)
FNDA:8,Ze
FNDA:0,qr
FNDA:0,(anonymous_952)
FNDA:0,Pm
FNDA:0,Un
FNDA:0,(anonymous_955)
FNDA:0,Ma
FNDA:0,Tm
FNDA:0,Sm
FNDA:0,(anonymous_959)
FNDA:0,(anonymous_960)
FNDA:0,$a
FNDA:0,Rm
FNDA:0,Am
FNDA:0,(anonymous_964)
FNDA:0,(anonymous_965)
FNDA:0,qa
FNDA:0,Va
FNDA:0,(anonymous_968)
FNDA:0,(anonymous_969)
FNDA:0,(anonymous_970)
FNDA:0,ja
FNDA:0,(anonymous_972)
FNDA:0,(anonymous_973)
FNDA:0,(anonymous_974)
FNDA:0,(anonymous_975)
FNDA:0,(anonymous_976)
FNDA:0,(anonymous_977)
FNDA:0,(anonymous_978)
FNDA:0,Cm
FNDA:0,Im
FNDA:0,lo
FNDA:0,(anonymous_982)
FNDA:0,(anonymous_983)
FNDA:0,(anonymous_984)
FNDA:0,Dm
FNDA:0,(anonymous_986)
FNDA:0,(anonymous_987)
FNDA:2,uo
FNDA:0,(anonymous_989)
FNDA:0,(anonymous_990)
FNDA:0,(anonymous_991)
FNDA:2,_m
FNDA:2,(anonymous_993)
FNDA:8,(anonymous_994)
FNDA:8,(anonymous_995)
FNDA:8,(anonymous_996)
FNDA:8,(anonymous_997)
FNDA:8,Nm
FNDA:2,Lm
FNDA:0,(anonymous_1000)
FNDA:2,Ga
FNDA:2,(anonymous_1002)
FNDA:4,Pt
FNDA:0,(anonymous_1004)
FNDA:0,(anonymous_1005)
FNDA:4,Fm
FNDA:4,(anonymous_1007)
FNDA:0,(anonymous_1008)
FNDA:4,Mm
FNDA:4,(anonymous_1010)
FNDA:2,(anonymous_1011)
FNDA:0,(anonymous_1012)
FNDA:0,Qa
FNDA:2,Wa
FNDA:0,Ja
FNDA:0,(anonymous_1016)
FNDA:0,(anonymous_1017)
FNDA:0,$m
FNDA:0,(anonymous_1019)
FNDA:0,qm
FNDA:0,(anonymous_1021)
FNDA:0,Gn
FNDA:0,Ka
FNDA:0,(anonymous_1024)
FNDA:0,Ha
FNDA:0,(anonymous_1026)
FNDA:0,za
FNDA:0,jm
FNDA:0,Bm
FNDA:0,Tt
FNDA:8,Xa
FNDA:8,(anonymous_1032)
FNDA:0,(anonymous_1033)
FNDA:8,el
FNDA:2,rl
FNDA:0,(anonymous_1036)
FNDA:0,tl
FNDA:0,(anonymous_1038)
FNDA:0,(anonymous_1039)
FNDA:0,(anonymous_1040)
FNDA:0,nl
FNDA:0,(anonymous_1042)
FNDA:2,sl
FNDA:2,al
FNDA:0,Qn
FNDA:0,Um
FNDA:0,Xe
FNDA:0,er
FNDA:0,(anonymous_1049)
FNDA:0,ll
FNDA:0,Wn
FNDA:0,Jn
FNDA:0,ul
FNDA:0,cl
FNDA:0,(anonymous_1055)
FNDA:0,pl
FNDA:0,(anonymous_1057)
FNDA:2,ml
FNDA:0,(anonymous_1059)
FNDA:0,(anonymous_1060)
FNDA:2,Wm
FNDA:2,fl
FNDA:0,gl
FNDA:0,(anonymous_1064)
FNDA:0,hl
FNDA:0,(anonymous_1066)
FNDA:0,bl
FNDA:0,El
FNDA:0,wl
FNDA:0,Jm
FNDA:0,Km
FNDA:0,Vr
FNDA:0,Hm
FNDA:0,(anonymous_1074)
FNDA:0,(anonymous_1075)
FNDA:0,(anonymous_1076)
FNDA:0,(anonymous_1077)
FNDA:0,(anonymous_1078)
FNDA:0,(anonymous_1079)
FNDA:0,nf
FNDA:0,(anonymous_1081)
FNDA:0,Kn
FNDA:2,jr
FNDA:0,(anonymous_1084)
FNDA:0,(anonymous_1085)
FNDA:0,(anonymous_1086)
FNDA:0,R
FNDA:0,(anonymous_1088)
FNDA:0,vl
FNDA:0,(anonymous_1090)
FNDA:0,(anonymous_1091)
FNDA:0,sf
FNDA:0,po
FNDA:0,(anonymous_1094)
FNDA:0,(anonymous_1095)
FNDA:0,(anonymous_1096)
FNDA:0,(anonymous_1097)
FNDA:0,(anonymous_1098)
FNDA:0,(anonymous_1099)
FNDA:0,(anonymous_1100)
FNDA:0,(anonymous_1101)
FNDA:0,(anonymous_1102)
FNDA:0,(anonymous_1103)
FNDA:0,(anonymous_1104)
FNDA:0,(anonymous_1105)
FNDA:0,(anonymous_1106)
FNDA:0,(anonymous_1107)
FNDA:0,(anonymous_1108)
FNDA:0,uf
FNDA:0,Ft
FNDA:0,Gr
FNDA:0,Tl
FNDA:0,(anonymous_1113)
FNDA:0,(anonymous_1114)
FNDA:0,Sl
FNDA:0,Rl
FNDA:0,(anonymous_1117)
FNDA:0,(anonymous_1118)
FNDA:0,dr
FNDA:0,(anonymous_1120)
FNDA:0,df
FNDA:0,Il
FNDA:0,mf
FNDA:0,(anonymous_1124)
FNDA:0,(anonymous_1125)
FNDA:0,(anonymous_1126)
FNDA:0,(anonymous_1127)
FNDA:0,(anonymous_1128)
FNDA:0,(anonymous_1129)
FNDA:0,(anonymous_1130)
FNDA:0,(anonymous_1131)
FNDA:0,(anonymous_1132)
FNDA:0,(anonymous_1133)
FNDA:0,(anonymous_1134)
FNDA:0,(anonymous_1135)
FNDA:0,(anonymous_1136)
FNDA:0,(anonymous_1137)
FNDA:0,(anonymous_1138)
FNDA:0,(anonymous_1139)
FNDA:0,(anonymous_1140)
FNDA:0,(anonymous_1141)
FNDA:0,(anonymous_1142)
FNDA:0,(anonymous_1143)
FNDA:0,(anonymous_1144)
FNDA:0,(anonymous_1145)
FNDA:0,(anonymous_1146)
FNDA:0,(anonymous_1147)
FNDA:0,(anonymous_1148)
FNDA:0,(anonymous_1149)
FNDA:0,Ol
FNDA:2,ff
FNDA:2,gf
FNDA:2,(anonymous_1153)
FNDA:2,(anonymous_1154)
FNDA:0,(anonymous_1155)
FNDA:0,(anonymous_1156)
FNDA:0,(anonymous_1157)
FNDA:0,(anonymous_1158)
FNDA:0,(anonymous_1159)
FNDA:0,yf
FNDA:0,bf
FNDA:8,wf
FNDA:2,(anonymous_1163)
FNDA:2,(anonymous_1164)
FNDA:12,(anonymous_1165)
FNDA:8,(anonymous_1166)
FNDA:0,(anonymous_1167)
FNDA:0,(anonymous_1168)
FNDA:2,(anonymous_1169)
FNDA:2,(anonymous_1170)
FNDA:2,(anonymous_1171)
FNDA:2,(anonymous_1172)
FNDA:0,(anonymous_1173)
FNDA:2,(anonymous_1174)
FNDA:0,(anonymous_1175)
FNDA:0,(anonymous_1176)
FNDA:8,(anonymous_1177)
FNDA:0,(anonymous_1178)
FNDA:0,(anonymous_1179)
FNDA:8,(anonymous_1180)
FNDA:8,(anonymous_1181)
FNDA:0,(anonymous_1182)
FNDA:0,(anonymous_1183)
FNDA:0,(anonymous_1184)
FNDA:2,(anonymous_1185)
FNDA:0,(anonymous_1186)
FNDA:8,(anonymous_1187)
FNDA:0,(anonymous_1188)
FNDA:0,(anonymous_1189)
FNDA:0,(anonymous_1190)
FNDA:0,(anonymous_1191)
FNDA:0,(anonymous_1192)
FNDA:0,xf
FNDA:0,Po
FNDA:2,Fl
FNDA:0,(anonymous_1196)
FNDA:0,(anonymous_1197)
FNDA:2,h
FNDA:2,Ml
FNDA:2,$l
FNDA:0,(anonymous_1201)
FNDA:0,(anonymous_1202)
FNDA:0,(anonymous_1203)
FNDA:0,Wr
FNDA:0,jl
FNDA:0,(anonymous_1206)
FNDA:0,Ul
FNDA:0,(anonymous_1208)
FNDA:0,vf
FNDA:0,Gl
FNDA:0,Bl
FNDA:0,To
FNDA:0,(anonymous_1213)
FNDA:0,(anonymous_1214)
FNDA:0,(anonymous_1215)
FNDA:0,(anonymous_1216)
FNDA:0,(anonymous_1217)
FNDA:0,(anonymous_1218)
FNDA:2,Ro
FNDA:16,(anonymous_1220)
FNDA:16,(anonymous_1221)
FNDA:0,(anonymous_1222)
FNDA:16,(anonymous_1223)
FNDA:0,(anonymous_1224)
FNDA:0,(anonymous_1225)
FNDA:0,(anonymous_1226)
FNDA:16,Kl
FNDA:10,(anonymous_1228)
FNDA:16,(anonymous_1229)
FNDA:0,(anonymous_1230)
FNDA:16,(anonymous_1231)
FNDA:30,(anonymous_1232)
FNDA:10,(anonymous_1233)
FNDA:16,(anonymous_1234)
FNDA:0,(anonymous_1235)
FNDA:16,(anonymous_1236)
FNDA:30,(anonymous_1237)
FNDA:72,(anonymous_1238)
FNDA:2,Hl
FNDA:0,Yl
FNDA:0,(anonymous_1241)
FNDA:0,(anonymous_1242)
FNDA:0,(anonymous_1243)
FNDA:2,zl
FNDA:8,(anonymous_1245)
FNDA:8,zn
FNDA:8,Zl
FNDA:0,Co
FNDA:0,(anonymous_1249)
FNDA:8,Io
FNDA:2,(anonymous_1251)
FNDA:8,(anonymous_1252)
FNDA:0,(anonymous_1253)
FNDA:0,(anonymous_1254)
FNDA:0,(anonymous_1255)
FNDA:0,(anonymous_1256)
FNDA:0,(anonymous_1257)
FNDA:0,(anonymous_1258)
FNDA:0,(anonymous_1259)
FNDA:0,(anonymous_1260)
FNDA:0,(anonymous_1261)
FNDA:0,(anonymous_1262)
FNDA:0,mr
FNDA:0,(anonymous_1264)
FNDA:0,(anonymous_1265)
FNDA:0,(anonymous_1266)
FNDA:0,(anonymous_1267)
FNDA:0,(anonymous_1268)
FNDA:0,(anonymous_1269)
FNDA:0,Xn
FNDA:0,Af
FNDA:2,(anonymous_1272)
FNDA:0,(anonymous_1273)
FNDA:0,(anonymous_1274)
FNDA:0,(anonymous_1275)
FNDA:0,(anonymous_1276)
FNDA:8,(anonymous_1277)
FNDA:8,(anonymous_1278)
FNDA:0,(anonymous_1279)
FNDA:8,(anonymous_1280)
FNDA:0,(anonymous_1281)
FNDA:8,(anonymous_1282)
FNDA:8,(anonymous_1283)
FNDA:8,(anonymous_1284)
FNDA:0,(anonymous_1285)
FNDA:0,(anonymous_1286)
FNDA:0,(anonymous_1287)
FNDA:0,If
FNDA:0,Xl
FNDA:8,Df
FNDA:0,Of
FNDA:0,eu
FNDA:0,(anonymous_1293)
FNDA:0,(anonymous_1294)
FNDA:0,(anonymous_1295)
FNDA:0,(anonymous_1296)
FNDA:0,(anonymous_1297)
FNDA:0,(anonymous_1298)
FNDA:2,(anonymous_1299)
FNDA:16,r
FNDA:8,(anonymous_1301)
FNDA:0,(anonymous_1302)
FNDA:0,(anonymous_1303)
FNDA:0,(anonymous_1304)
FNDA:0,(anonymous_1305)
FNDA:2,au
FNDA:0,Jr
FNDA:0,_f
FNDA:0,(anonymous_1309)
FNDA:0,(anonymous_1310)
FNDA:0,Nf
FNDA:0,ou
FNDA:0,(anonymous_1313)
FNDA:0,Lf
FNDA:0,(anonymous_1315)
FNDA:0,(anonymous_1316)
FNDA:0,(anonymous_1317)
FNDA:0,(anonymous_1318)
FNDA:0,lu
FNDA:0,(anonymous_1320)
FNDA:0,(anonymous_1321)
FNDA:0,(anonymous_1322)
FNDA:0,(anonymous_1323)
FNDA:0,(anonymous_1324)
FNDA:8,(anonymous_1325)
FNDA:8,(anonymous_1326)
FNDA:0,(anonymous_1327)
FNDA:4,fu
FNDA:2,(anonymous_1329)
FNDA:8,(anonymous_1330)
FNDA:2,(anonymous_1331)
FNDA:8,(anonymous_1332)
FNDA:0,(anonymous_1333)
FNDA:8,(anonymous_1334)
FNDA:0,(anonymous_1335)
FNDA:0,(anonymous_1336)
FNDA:0,(anonymous_1337)
FNDA:0,(anonymous_1338)
FNDA:0,(anonymous_1339)
FNDA:0,(anonymous_1340)
FNDA:0,(anonymous_1341)
FNDA:0,(anonymous_1342)
FNDA:0,(anonymous_1343)
FNDA:0,(anonymous_1344)
FNDA:0,(anonymous_1345)
FNDA:0,(anonymous_1346)
FNDA:0,(anonymous_1347)
FNDA:0,(anonymous_1348)
FNDA:0,(anonymous_1349)
FNDA:0,(anonymous_1350)
FNDA:0,(anonymous_1351)
FNDA:0,(anonymous_1352)
FNDA:0,(anonymous_1353)
FNDA:0,(anonymous_1354)
FNDA:0,(anonymous_1355)
FNDA:0,(anonymous_1356)
FNDA:0,(anonymous_1357)
FNDA:0,(anonymous_1358)
FNDA:0,(anonymous_1359)
FNDA:0,(anonymous_1360)
FNDA:0,(anonymous_1361)
FNDA:0,(anonymous_1362)
FNDA:8,(anonymous_1363)
FNDA:8,(anonymous_1364)
FNDA:8,(anonymous_1365)
FNDA:8,(anonymous_1366)
FNDA:8,(anonymous_1367)
FNDA:8,(anonymous_1368)
FNDA:0,(anonymous_1369)
FNDA:0,(anonymous_1370)
FNDA:0,uu
FNDA:0,qf
FNDA:4,gu
FNDA:0,(anonymous_1374)
FNDA:4,hu
DA:5,3904
DA:6,0
DA:7,120
DA:8,32
DA:9,6
DA:10,4
DA:13,8
DA:15,0
DA:16,32
DA:17,4
DA:19,0
DA:23,0
DA:25,1168
DA:26,8
DA:27,0
DA:28,8
DA:29,32
DA:30,8
DA:31,4
DA:32,14
DA:33,512
DA:34,8
DA:35,177
DA:37,4
DA:39,0
DA:40,0
DA:41,0
DA:46,0
DA:47,0
DA:49,0
DA:56,0
DA:61,0
DA:68,4
DA:69,0
DA:70,4
DA:73,0
DA:105,0
DA:114,4
DA:115,12
DA:116,8
DA:117,2
DA:118,4
DA:125,72
DA:126,4
DA:127,0
DA:128,0
DA:129,0
DA:130,16
DA:134,8
DA:135,4
LF:50
LH:31
BRDA:5,0,0,8
BRDA:5,0,1,8
BRDA:5,1,0,72
BRDA:5,1,1,48
BRDA:5,2,0,120
BRDA:5,2,1,0
BRDA:5,3,0,120
BRDA:5,3,1,120
BRDA:5,3,2,24
BRDA:5,4,0,3904
BRDA:5,4,1,3900
BRDA:5,4,2,3900
BRDA:5,5,0,3900
BRDA:5,5,1,3900
BRDA:5,6,0,116
BRDA:5,6,1,0
BRDA:5,7,0,104
BRDA:5,7,1,12
BRDA:5,8,0,116
BRDA:5,8,1,104
BRDA:5,8,2,104
BRDA:5,9,0,144
BRDA:5,10,0,0
BRDA:5,10,1,144
BRDA:5,11,0,0
BRDA:5,11,1,144
BRDA:5,12,0,144
BRDA:5,12,1,0
BRDA:5,12,2,0
BRDA:5,13,0,0
BRDA:5,13,1,4
BRDA:5,14,0,4
BRDA:5,14,1,4
BRDA:5,14,2,4
BRDA:5,14,3,4
BRDA:5,15,0,4
BRDA:5,15,1,4
BRDA:5,15,2,4
BRDA:5,15,3,4
BRDA:5,15,4,0
BRDA:5,16,0,4
BRDA:5,16,1,4
BRDA:5,17,0,0
BRDA:5,17,1,4
BRDA:5,18,0,0
BRDA:5,18,1,4
BRDA:5,19,0,0
BRDA:5,19,1,4
BRDA:5,20,0,0
BRDA:5,20,1,16
BRDA:5,21,0,0
BRDA:5,21,1,16
BRDA:5,22,0,0
BRDA:5,22,1,16
BRDA:5,23,0,16
BRDA:5,23,1,16
BRDA:5,23,2,16
BRDA:5,24,0,0
BRDA:5,24,1,16
BRDA:5,25,0,0
BRDA:5,25,1,16
BRDA:5,26,0,16
BRDA:5,26,1,16
BRDA:5,26,2,16
BRDA:5,27,0,16
BRDA:5,27,1,0
BRDA:5,28,0,0
BRDA:5,28,1,16
BRDA:5,29,0,0
BRDA:5,29,1,16
BRDA:5,30,0,0
BRDA:5,30,1,0
BRDA:5,31,0,0
BRDA:5,31,1,0
BRDA:5,32,0,0
BRDA:5,32,1,0
BRDA:5,33,0,0
BRDA:5,33,1,16
BRDA:5,34,0,0
BRDA:5,34,1,0
BRDA:5,35,0,0
BRDA:5,35,1,0
BRDA:5,36,0,0
BRDA:5,36,1,16
BRDA:5,37,0,0
BRDA:5,37,1,0
BRDA:5,38,0,16
BRDA:5,38,1,0
BRDA:5,39,0,0
BRDA:5,39,1,0
BRDA:5,40,0,0
BRDA:5,40,1,0
BRDA:5,41,0,0
BRDA:5,41,1,0
BRDA:5,42,0,0
BRDA:5,42,1,0
BRDA:5,43,0,0
BRDA:5,43,1,0
BRDA:5,44,0,0
BRDA:5,44,1,0
BRDA:5,45,0,0
BRDA:5,45,1,0
BRDA:5,46,0,8
BRDA:5,46,1,8
BRDA:5,47,0,0
BRDA:5,47,1,0
BRDA:5,48,0,0
BRDA:5,48,1,0
BRDA:5,49,0,0
BRDA:5,49,1,0
BRDA:5,50,0,0
BRDA:5,50,1,8
BRDA:5,51,0,0
BRDA:5,51,1,0
BRDA:5,52,0,0
BRDA:5,52,1,8
BRDA:5,53,0,8
BRDA:5,53,1,8
BRDA:5,53,2,8
BRDA:5,53,3,8
BRDA:5,54,0,0
BRDA:5,54,1,8
BRDA:5,55,0,8
BRDA:5,55,1,8
BRDA:5,55,2,8
BRDA:5,56,0,8
BRDA:5,56,1,0
BRDA:5,57,0,8
BRDA:5,57,1,8
BRDA:5,57,2,8
BRDA:5,58,0,0
BRDA:5,58,1,0
BRDA:5,59,0,0
BRDA:5,59,1,0
BRDA:5,60,0,0
BRDA:5,60,1,0
BRDA:5,60,2,0
BRDA:5,61,0,0
BRDA:5,61,1,0
BRDA:5,62,0,0
BRDA:5,62,1,0
BRDA:5,63,0,0
BRDA:5,63,1,0
BRDA:5,63,2,0
BRDA:5,63,3,0
BRDA:5,64,0,0
BRDA:5,64,1,0
BRDA:5,65,0,0
BRDA:5,65,1,0
BRDA:5,65,2,0
BRDA:5,66,0,0
BRDA:5,66,1,0
BRDA:5,67,0,0
BRDA:5,67,1,0
BRDA:5,68,0,0
BRDA:5,68,1,0
BRDA:5,69,0,0
BRDA:5,70,0,8
BRDA:5,70,1,0
BRDA:5,71,0,0
BRDA:5,72,0,0
BRDA:5,72,1,0
BRDA:5,73,0,0
BRDA:5,73,1,0
BRDA:5,74,0,0
BRDA:5,74,1,0
BRDA:5,75,0,0
BRDA:5,75,1,0
BRDA:5,76,0,0
BRDA:5,76,1,0
BRDA:6,77,0,0
BRDA:6,77,1,0
BRDA:6,78,0,0
BRDA:6,78,1,0
BRDA:7,79,0,0
BRDA:7,79,1,0
BRDA:7,80,0,0
BRDA:7,80,1,0
BRDA:7,81,0,0
BRDA:7,81,1,0
BRDA:7,82,0,0
BRDA:7,82,1,0
BRDA:7,82,2,0
BRDA:7,83,0,0
BRDA:7,83,1,0
BRDA:7,84,0,0
BRDA:7,84,1,0
BRDA:7,85,0,0
BRDA:7,85,1,0
BRDA:7,86,0,0
BRDA:7,86,1,0
BRDA:7,87,0,0
BRDA:7,87,1,0
BRDA:7,88,0,0
BRDA:7,88,1,0
BRDA:7,89,0,0
BRDA:7,89,1,0
BRDA:7,90,0,0
BRDA:7,90,1,0
BRDA:7,90,2,0
BRDA:7,91,0,0
BRDA:7,91,1,0
BRDA:7,92,0,0
BRDA:7,92,1,0
BRDA:7,93,0,0
BRDA:7,93,1,0
BRDA:7,94,0,0
BRDA:7,94,1,0
BRDA:7,95,0,0
BRDA:7,95,1,0
BRDA:7,96,0,0
BRDA:7,96,1,0
BRDA:7,97,0,0
BRDA:7,97,1,0
BRDA:7,98,0,0
BRDA:7,98,1,0
BRDA:7,99,0,0
BRDA:7,99,1,0
BRDA:7,99,2,0
BRDA:7,100,0,0
BRDA:7,100,1,0
BRDA:7,101,0,0
BRDA:7,101,1,0
BRDA:7,102,0,0
BRDA:7,102,1,0
BRDA:7,103,0,0
BRDA:7,103,1,0
BRDA:7,104,0,0
BRDA:7,104,1,0
BRDA:7,105,0,0
BRDA:7,105,1,0
BRDA:7,106,0,0
BRDA:7,106,1,0
BRDA:7,107,0,0
BRDA:7,107,1,0
BRDA:7,108,0,0
BRDA:7,108,1,0
BRDA:7,108,2,0
BRDA:7,109,0,0
BRDA:7,109,1,0
BRDA:7,110,0,0
BRDA:7,110,1,0
BRDA:7,111,0,0
BRDA:7,111,1,0
BRDA:7,112,0,0
BRDA:7,112,1,0
BRDA:7,113,0,0
BRDA:7,113,1,0
BRDA:7,114,0,0
BRDA:7,114,1,0
BRDA:7,115,0,0
BRDA:7,116,0,0
BRDA:7,116,1,0
BRDA:7,117,0,0
BRDA:7,117,1,0
BRDA:7,118,0,0
BRDA:7,118,1,0
BRDA:7,119,0,0
BRDA:7,119,1,0
BRDA:7,120,0,0
BRDA:7,120,1,0
BRDA:7,121,0,0
BRDA:7,121,1,0
BRDA:7,122,0,0
BRDA:7,122,1,0
BRDA:7,123,0,0
BRDA:7,124,0,0
BRDA:7,124,1,0
BRDA:7,125,0,0
BRDA:7,125,1,0
BRDA:7,126,0,0
BRDA:7,126,1,0
BRDA:7,127,0,0
BRDA:7,127,1,0
BRDA:7,128,0,0
BRDA:7,128,1,0
BRDA:7,129,0,0
BRDA:7,129,1,0
BRDA:7,130,0,0
BRDA:7,130,1,0
BRDA:7,131,0,0
BRDA:7,131,1,0
BRDA:7,132,0,0
BRDA:7,132,1,0
BRDA:7,133,0,0
BRDA:7,133,1,0
BRDA:7,134,0,0
BRDA:7,134,1,0
BRDA:7,135,0,0
BRDA:7,135,1,0
BRDA:7,136,0,0
BRDA:7,136,1,0
BRDA:7,137,0,0
BRDA:7,137,1,0
BRDA:7,138,0,0
BRDA:7,138,1,0
BRDA:7,139,0,0
BRDA:7,139,1,0
BRDA:7,140,0,0
BRDA:7,140,1,0
BRDA:7,141,0,0
BRDA:7,141,1,0
BRDA:7,142,0,4
BRDA:7,142,1,4
BRDA:7,143,0,4
BRDA:7,143,1,0
BRDA:7,144,0,4
BRDA:7,144,1,4
BRDA:7,145,0,4
BRDA:7,145,1,4
BRDA:7,145,2,4
BRDA:7,145,3,4
BRDA:7,145,4,4
BRDA:7,145,5,0
BRDA:7,146,0,0
BRDA:7,146,1,20
BRDA:7,147,0,20
BRDA:7,147,1,20
BRDA:7,148,0,0
BRDA:7,148,1,20
BRDA:7,149,0,4
BRDA:7,149,1,0
BRDA:7,150,0,4
BRDA:7,150,1,4
BRDA:7,151,0,0
BRDA:7,151,1,4
BRDA:7,152,0,0
BRDA:7,152,1,0
BRDA:7,153,0,120
BRDA:7,153,1,0
BRDA:7,154,0,120
BRDA:7,154,1,0
BRDA:7,155,0,120
BRDA:7,155,1,0
BRDA:7,156,0,120
BRDA:7,156,1,0
BRDA:7,157,0,120
BRDA:7,157,1,0
BRDA:7,158,0,0
BRDA:7,158,1,0
BRDA:7,159,0,0
BRDA:7,159,1,58
BRDA:7,160,0,58
BRDA:7,160,1,58
BRDA:7,161,0,58
BRDA:7,161,1,0
BRDA:7,162,0,58
BRDA:7,162,1,58
BRDA:7,163,0,0
BRDA:7,163,1,0
BRDA:7,164,0,0
BRDA:7,164,1,0
BRDA:7,165,0,0
BRDA:7,166,0,0
BRDA:7,166,1,0
BRDA:7,167,0,0
BRDA:7,167,1,0
BRDA:7,168,0,0
BRDA:7,168,1,0
BRDA:7,169,0,0
BRDA:7,169,1,0
BRDA:7,170,0,0
BRDA:7,171,0,0
BRDA:7,171,1,0
BRDA:8,172,0,0
BRDA:8,172,1,0
BRDA:8,173,0,0
BRDA:8,173,1,2
BRDA:8,174,0,2
BRDA:8,174,1,2
BRDA:8,175,0,2
BRDA:8,175,1,0
BRDA:8,176,0,0
BRDA:8,176,1,2
BRDA:8,177,0,0
BRDA:8,177,1,0
BRDA:8,178,0,2
BRDA:8,178,1,0
BRDA:8,179,0,0
BRDA:8,179,1,2
BRDA:8,180,0,0
BRDA:8,180,1,0
BRDA:8,181,0,0
BRDA:8,181,1,0
BRDA:8,182,0,0
BRDA:8,182,1,0
BRDA:8,183,0,0
BRDA:8,183,1,0
BRDA:8,184,0,0
BRDA:8,184,1,0
BRDA:8,184,2,0
BRDA:8,185,0,0
BRDA:8,185,1,0
BRDA:8,186,0,0
BRDA:8,186,1,0
BRDA:8,187,0,0
BRDA:8,187,1,0
BRDA:8,188,0,0
BRDA:8,188,1,0
BRDA:8,189,0,0
BRDA:8,189,1,0
BRDA:8,190,0,0
BRDA:8,190,1,0
BRDA:8,191,0,0
BRDA:8,191,1,0
BRDA:8,192,0,0
BRDA:8,192,1,0
BRDA:8,193,0,0
BRDA:8,193,1,0
BRDA:8,194,0,0
BRDA:8,194,1,0
BRDA:8,195,0,0
BRDA:8,195,1,0
BRDA:8,196,0,0
BRDA:8,196,1,0
BRDA:8,197,0,0
BRDA:8,197,1,0
BRDA:8,197,2,0
BRDA:8,197,3,0
BRDA:8,198,0,0
BRDA:8,198,1,0
BRDA:8,199,0,0
BRDA:8,199,1,0
BRDA:8,199,2,0
BRDA:8,199,3,0
BRDA:8,200,0,0
BRDA:8,200,1,0
BRDA:8,201,0,0
BRDA:8,201,1,0
BRDA:8,202,0,0
BRDA:8,202,1,0
BRDA:8,203,0,0
BRDA:8,203,1,0
BRDA:8,204,0,0
BRDA:8,204,1,0
BRDA:8,205,0,0
BRDA:8,205,1,0
BRDA:8,206,0,0
BRDA:8,206,1,0
BRDA:8,207,0,0
BRDA:8,207,1,0
BRDA:8,208,0,0
BRDA:8,208,1,0
BRDA:8,209,0,0
BRDA:8,209,1,0
BRDA:8,210,0,0
BRDA:8,210,1,0
BRDA:8,211,0,0
BRDA:8,211,1,0
BRDA:8,212,0,0
BRDA:8,212,1,0
BRDA:8,213,0,0
BRDA:8,213,1,0
BRDA:8,214,0,0
BRDA:8,214,1,0
BRDA:8,215,0,0
BRDA:8,215,1,0
BRDA:8,216,0,0
BRDA:8,216,1,0
BRDA:8,217,0,0
BRDA:8,217,1,0
BRDA:8,218,0,0
BRDA:8,218,1,0
BRDA:8,219,0,0
BRDA:8,219,1,0
BRDA:8,220,0,0
BRDA:8,220,1,0
BRDA:8,221,0,0
BRDA:8,221,1,0
BRDA:8,221,2,0
BRDA:8,222,0,0
BRDA:8,222,1,0
BRDA:8,223,0,0
BRDA:8,223,1,0
BRDA:8,224,0,0
BRDA:8,224,1,0
BRDA:8,225,0,0
BRDA:8,225,1,0
BRDA:8,226,0,0
BRDA:8,226,1,0
BRDA:8,227,0,0
BRDA:8,227,1,0
BRDA:8,228,0,0
BRDA:8,228,1,0
BRDA:8,229,0,0
BRDA:8,229,1,0
BRDA:8,230,0,0
BRDA:8,230,1,0
BRDA:8,230,2,0
BRDA:8,231,0,0
BRDA:8,231,1,0
BRDA:8,232,0,0
BRDA:8,232,1,0
BRDA:8,233,0,0
BRDA:8,233,1,0
BRDA:8,234,0,0
BRDA:8,234,1,0
BRDA:8,235,0,0
BRDA:8,235,1,0
BRDA:8,236,0,0
BRDA:8,236,1,0
BRDA:8,237,0,0
BRDA:8,237,1,0
BRDA:8,238,0,0
BRDA:8,238,1,0
BRDA:8,239,0,0
BRDA:8,239,1,0
BRDA:8,240,0,0
BRDA:8,240,1,0
BRDA:8,241,0,0
BRDA:8,241,1,0
BRDA:8,242,0,0
BRDA:8,242,1,0
BRDA:8,242,2,0
BRDA:8,243,0,0
BRDA:8,243,1,0
BRDA:8,244,0,0
BRDA:8,244,1,0
BRDA:8,245,0,0
BRDA:8,245,1,0
BRDA:8,246,0,0
BRDA:8,246,1,0
BRDA:8,247,0,0
BRDA:8,247,1,0
BRDA:8,248,0,0
BRDA:8,248,1,0
BRDA:8,249,0,0
BRDA:8,249,1,0
BRDA:8,250,0,0
BRDA:8,250,1,2
BRDA:8,251,0,0
BRDA:8,251,1,0
BRDA:8,252,0,0
BRDA:8,252,1,0
BRDA:8,253,0,0
BRDA:8,253,1,0
BRDA:8,254,0,2
BRDA:8,254,1,0
BRDA:8,255,0,0
BRDA:8,255,1,0
BRDA:8,255,2,0
BRDA:8,255,3,0
BRDA:8,256,0,0
BRDA:8,256,1,0
BRDA:8,256,2,0
BRDA:8,256,3,0
BRDA:8,257,0,0
BRDA:8,257,1,0
BRDA:8,258,0,0
BRDA:8,258,1,0
BRDA:8,259,0,0
BRDA:8,259,1,0
BRDA:8,259,2,0
BRDA:8,259,3,0
BRDA:9,260,0,0
BRDA:9,260,1,0
BRDA:9,261,0,0
BRDA:9,261,1,0
BRDA:9,262,0,0
BRDA:9,262,1,0
BRDA:9,263,0,0
BRDA:9,263,1,0
BRDA:9,264,0,0
BRDA:9,264,1,0
BRDA:9,265,0,0
BRDA:9,265,1,0
BRDA:9,266,0,0
BRDA:9,266,1,0
BRDA:9,267,0,0
BRDA:9,267,1,0
BRDA:9,268,0,0
BRDA:9,268,1,0
BRDA:9,269,0,0
BRDA:9,269,1,0
BRDA:9,270,0,0
BRDA:9,270,1,0
BRDA:9,271,0,0
BRDA:9,271,1,0
BRDA:9,272,0,0
BRDA:9,272,1,0
BRDA:9,273,0,0
BRDA:9,273,1,0
BRDA:9,274,0,0
BRDA:9,274,1,0
BRDA:9,275,0,4
BRDA:9,275,1,2
BRDA:9,276,0,2
BRDA:9,276,1,0
BRDA:9,276,2,0
BRDA:9,277,0,0
BRDA:9,277,1,2
BRDA:9,278,0,2
BRDA:9,278,1,0
BRDA:10,279,0,2
BRDA:10,279,1,0
BRDA:10,280,0,2
BRDA:10,280,1,0
BRDA:10,280,2,0
BRDA:10,281,0,2
BRDA:10,281,1,2
BRDA:10,282,0,0
BRDA:10,282,1,0
BRDA:10,283,0,0
BRDA:10,283,1,0
BRDA:10,284,0,0
BRDA:10,284,1,0
BRDA:10,285,0,0
BRDA:10,285,1,0
BRDA:10,286,0,0
BRDA:10,286,1,0
BRDA:10,287,0,0
BRDA:10,287,1,0
BRDA:10,288,0,0
BRDA:10,288,1,0
BRDA:10,289,0,0
BRDA:10,289,1,0
BRDA:10,290,0,0
BRDA:10,290,1,0
BRDA:10,291,0,0
BRDA:10,291,1,0
BRDA:10,292,0,0
BRDA:10,292,1,0
BRDA:10,293,0,0
BRDA:10,293,1,0
BRDA:10,294,0,0
BRDA:10,294,1,0
BRDA:10,295,0,0
BRDA:10,295,1,0
BRDA:10,296,0,0
BRDA:10,296,1,0
BRDA:10,297,0,0
BRDA:10,297,1,0
BRDA:10,298,0,0
BRDA:10,298,1,0
BRDA:10,299,0,0
BRDA:10,299,1,0
BRDA:10,300,0,0
BRDA:10,300,1,0
BRDA:10,301,0,0
BRDA:10,301,1,0
BRDA:10,301,2,0
BRDA:10,302,0,0
BRDA:10,302,1,0
BRDA:10,303,0,0
BRDA:10,303,1,0
BRDA:10,304,0,0
BRDA:10,304,1,0
BRDA:10,305,0,0
BRDA:10,305,1,0
BRDA:10,306,0,4
BRDA:10,306,1,0
BRDA:10,307,0,4
BRDA:10,307,1,0
BRDA:10,308,0,4
BRDA:10,308,1,0
BRDA:10,309,0,4
BRDA:10,309,1,0
BRDA:10,310,0,4
BRDA:10,310,1,4
BRDA:10,310,2,0
BRDA:10,310,3,0
BRDA:10,311,0,4
BRDA:10,311,1,4
BRDA:10,311,2,4
BRDA:10,312,0,4
BRDA:10,312,1,4
BRDA:10,312,2,4
BRDA:10,312,3,4
BRDA:10,313,0,4
BRDA:10,313,1,4
BRDA:10,313,2,4
BRDA:10,313,3,4
BRDA:10,314,0,4
BRDA:10,314,1,4
BRDA:10,314,2,4
BRDA:10,314,3,4
BRDA:10,315,0,4
BRDA:10,315,1,4
BRDA:10,316,0,4
BRDA:10,316,1,4
BRDA:10,317,0,0
BRDA:10,317,1,4
BRDA:10,318,0,0
BRDA:10,318,1,0
BRDA:10,319,0,0
BRDA:10,319,1,0
BRDA:10,320,0,0
BRDA:10,320,1,0
BRDA:10,321,0,0
BRDA:10,321,1,0
BRDA:10,322,0,0
BRDA:10,322,1,0
BRDA:10,323,0,0
BRDA:10,323,1,0
BRDA:10,324,0,0
BRDA:10,324,1,0
BRDA:10,325,0,0
BRDA:10,326,0,0
BRDA:10,327,0,0
BRDA:10,328,0,0
BRDA:10,329,0,0
BRDA:10,329,1,4
BRDA:10,330,0,0
BRDA:10,330,1,4
BRDA:10,331,0,0
BRDA:10,331,1,0
BRDA:10,332,0,0
BRDA:10,332,1,0
BRDA:10,333,0,0
BRDA:10,333,1,4
BRDA:10,334,0,0
BRDA:10,335,0,0
BRDA:10,335,1,0
BRDA:10,336,0,0
BRDA:10,336,1,0
BRDA:10,337,0,0
BRDA:10,337,1,0
BRDA:10,338,0,0
BRDA:10,339,0,0
BRDA:10,340,0,0
BRDA:10,340,1,0
BRDA:10,341,0,0
BRDA:10,341,1,0
BRDA:10,341,2,0
BRDA:10,342,0,0
BRDA:10,342,1,0
BRDA:10,342,2,0
BRDA:10,343,0,0
BRDA:10,343,1,0
BRDA:10,344,0,0
BRDA:10,344,1,0
BRDA:10,345,0,0
BRDA:10,345,1,0
BRDA:10,346,0,0
BRDA:10,347,0,0
BRDA:10,348,0,0
BRDA:10,348,1,0
BRDA:10,349,0,0
BRDA:10,349,1,0
BRDA:10,350,0,0
BRDA:10,350,1,0
BRDA:10,351,0,0
BRDA:10,352,0,2
BRDA:10,352,1,2
BRDA:10,353,0,2
BRDA:10,353,1,0
BRDA:10,354,0,0
BRDA:10,354,1,0
BRDA:10,355,0,0
BRDA:10,355,1,0
BRDA:10,356,0,0
BRDA:10,356,1,2
BRDA:10,357,0,0
BRDA:10,357,1,2
BRDA:10,358,0,0
BRDA:10,358,1,2
BRDA:10,359,0,0
BRDA:10,359,1,0
BRDA:10,360,0,0
BRDA:10,361,0,0
BRDA:10,361,1,0
BRDA:10,362,0,0
BRDA:10,362,1,0
BRDA:10,363,0,0
BRDA:10,363,1,0
BRDA:10,364,0,0
BRDA:10,364,1,0
BRDA:10,365,0,0
BRDA:10,365,1,0
BRDA:10,366,0,0
BRDA:10,366,1,0
BRDA:10,367,0,0
BRDA:10,367,1,0
BRDA:10,368,0,0
BRDA:10,368,1,0
BRDA:10,369,0,0
BRDA:10,369,1,0
BRDA:10,370,0,0
BRDA:10,370,1,0
BRDA:13,371,0,5
BRDA:13,371,1,3
BRDA:13,372,0,2
BRDA:13,372,1,2
BRDA:13,373,0,0
BRDA:13,373,1,0
BRDA:13,374,0,0
BRDA:13,374,1,0
BRDA:13,374,2,0
BRDA:13,375,0,0
BRDA:13,375,1,0
BRDA:15,376,0,0
BRDA:15,376,1,0
BRDA:15,377,0,0
BRDA:15,377,1,0
BRDA:15,378,0,0
BRDA:15,378,1,0
BRDA:16,379,0,0
BRDA:16,379,1,0
BRDA:16,380,0,0
BRDA:16,380,1,0
BRDA:16,381,0,0
BRDA:16,381,1,0
BRDA:16,382,0,4
BRDA:16,383,0,4
BRDA:16,384,0,0
BRDA:16,384,1,4
BRDA:16,385,0,0
BRDA:16,385,1,8
BRDA:16,386,0,32
BRDA:16,386,1,0
BRDA:16,387,0,0
BRDA:16,387,1,0
BRDA:16,388,0,0
BRDA:16,388,1,0
BRDA:16,389,0,0
BRDA:16,389,1,0
BRDA:16,390,0,0
BRDA:16,390,1,0
BRDA:16,391,0,0
BRDA:16,391,1,0
BRDA:16,392,0,0
BRDA:16,392,1,0
BRDA:16,393,0,0
BRDA:16,393,1,0
BRDA:16,394,0,0
BRDA:16,395,0,6
BRDA:16,395,1,4
BRDA:16,396,0,6
BRDA:16,396,1,6
BRDA:16,397,0,6
BRDA:16,397,1,6
BRDA:16,397,2,6
BRDA:16,398,0,0
BRDA:16,398,1,6
BRDA:17,399,0,0
BRDA:17,399,1,4
BRDA:17,400,0,4
BRDA:17,400,1,0
BRDA:17,400,2,0
BRDA:17,400,3,0
BRDA:17,401,0,0
BRDA:17,401,1,0
BRDA:17,402,0,0
BRDA:17,402,1,0
BRDA:17,403,0,0
BRDA:17,403,1,0
BRDA:17,404,0,0
BRDA:17,404,1,0
BRDA:23,405,0,0
BRDA:23,405,1,0
BRDA:23,406,0,0
BRDA:23,406,1,0
BRDA:25,407,0,0
BRDA:25,407,1,12
BRDA:25,408,0,0
BRDA:25,408,1,0
BRDA:25,409,0,10
BRDA:25,409,1,0
BRDA:25,409,2,0
BRDA:25,410,0,12
BRDA:25,410,1,0
BRDA:25,411,0,0
BRDA:25,411,1,0
BRDA:25,412,0,0
BRDA:25,412,1,0
BRDA:25,413,0,0
BRDA:25,413,1,0
BRDA:25,414,0,18
BRDA:25,414,1,8
BRDA:25,415,0,2
BRDA:25,415,1,2
BRDA:25,416,0,17
BRDA:25,416,1,14
BRDA:25,417,0,0
BRDA:25,417,1,0
BRDA:25,418,0,0
BRDA:25,418,1,0
BRDA:25,419,0,0
BRDA:25,419,1,0
BRDA:25,420,0,0
BRDA:25,420,1,0
BRDA:25,421,0,0
BRDA:25,421,1,0
BRDA:25,422,0,0
BRDA:25,422,1,0
BRDA:25,423,0,0
BRDA:25,423,1,0
BRDA:25,424,0,0
BRDA:25,424,1,0
BRDA:25,425,0,0
BRDA:25,425,1,0
BRDA:25,426,0,0
BRDA:25,426,1,0
BRDA:25,427,0,0
BRDA:25,427,1,0
BRDA:25,428,0,0
BRDA:25,428,1,0
BRDA:25,429,0,0
BRDA:25,429,1,0
BRDA:25,430,0,0
BRDA:25,430,1,0
BRDA:25,431,0,0
BRDA:25,431,1,0
BRDA:25,432,0,0
BRDA:25,432,1,0
BRDA:25,433,0,0
BRDA:25,433,1,0
BRDA:25,434,0,0
BRDA:25,434,1,0
BRDA:25,435,0,0
BRDA:25,435,1,0
BRDA:25,436,0,0
BRDA:25,436,1,0
BRDA:25,437,0,0
BRDA:25,437,1,0
BRDA:25,438,0,0
BRDA:25,438,1,0
BRDA:25,439,0,0
BRDA:25,439,1,0
BRDA:25,440,0,0
BRDA:25,440,1,0
BRDA:25,441,0,0
BRDA:25,441,1,0
BRDA:25,442,0,0
BRDA:25,442,1,0
BRDA:25,443,0,0
BRDA:25,443,1,0
BRDA:25,444,0,0
BRDA:25,444,1,0
BRDA:25,445,0,0
BRDA:25,445,1,0
BRDA:25,446,0,0
BRDA:25,446,1,0
BRDA:25,447,0,0
BRDA:25,447,1,0
BRDA:25,448,0,0
BRDA:25,448,1,0
BRDA:25,449,0,0
BRDA:25,449,1,0
BRDA:25,450,0,0
BRDA:25,450,1,0
BRDA:25,451,0,0
BRDA:25,451,1,0
BRDA:25,452,0,0
BRDA:25,452,1,0
BRDA:25,453,0,0
BRDA:25,453,1,0
BRDA:25,454,0,0
BRDA:25,454,1,0
BRDA:25,455,0,0
BRDA:25,455,1,0
BRDA:25,456,0,0
BRDA:25,456,1,0
BRDA:25,457,0,0
BRDA:25,457,1,0
BRDA:25,457,2,0
BRDA:25,458,0,0
BRDA:25,458,1,0
BRDA:25,459,0,0
BRDA:25,459,1,0
BRDA:25,460,0,0
BRDA:25,460,1,0
BRDA:25,460,2,0
BRDA:25,460,3,0
BRDA:25,461,0,0
BRDA:25,461,1,0
BRDA:25,462,0,0
BRDA:25,462,1,0
BRDA:25,463,0,0
BRDA:25,463,1,0
BRDA:25,464,0,0
BRDA:25,464,1,0
BRDA:25,465,0,0
BRDA:25,465,1,0
BRDA:25,466,0,0
BRDA:25,466,1,0
BRDA:25,467,0,0
BRDA:25,467,1,0
BRDA:25,468,0,0
BRDA:25,468,1,0
BRDA:25,469,0,0
BRDA:25,469,1,0
BRDA:25,470,0,0
BRDA:25,470,1,0
BRDA:25,471,0,0
BRDA:25,471,1,0
BRDA:25,472,0,0
BRDA:25,472,1,0
BRDA:25,473,0,0
BRDA:25,473,1,0
BRDA:25,474,0,0
BRDA:25,474,1,0
BRDA:25,475,0,0
BRDA:25,475,1,0
BRDA:25,476,0,0
BRDA:25,476,1,0
BRDA:25,477,0,0
BRDA:25,477,1,0
BRDA:25,478,0,0
BRDA:25,478,1,0
BRDA:25,479,0,0
BRDA:25,479,1,0
BRDA:25,480,0,0
BRDA:25,480,1,0
BRDA:25,481,0,0
BRDA:25,481,1,0
BRDA:25,482,0,0
BRDA:25,482,1,0
BRDA:25,483,0,0
BRDA:25,483,1,0
BRDA:25,484,0,0
BRDA:25,484,1,0
BRDA:25,485,0,0
BRDA:25,485,1,0
BRDA:25,486,0,0
BRDA:25,486,1,0
BRDA:25,487,0,0
BRDA:25,487,1,0
BRDA:25,488,0,0
BRDA:25,488,1,0
BRDA:25,489,0,0
BRDA:25,489,1,0
BRDA:25,490,0,0
BRDA:25,490,1,0
BRDA:25,491,0,0
BRDA:25,491,1,0
BRDA:25,492,0,0
BRDA:25,492,1,0
BRDA:25,493,0,0
BRDA:25,493,1,0
BRDA:25,494,0,0
BRDA:25,494,1,0
BRDA:25,495,0,0
BRDA:25,495,1,0
BRDA:25,496,0,0
BRDA:25,496,1,0
BRDA:25,497,0,0
BRDA:25,497,1,0
BRDA:25,498,0,0
BRDA:25,498,1,0
BRDA:25,499,0,0
BRDA:25,499,1,0
BRDA:25,500,0,0
BRDA:25,500,1,0
BRDA:25,501,0,0
BRDA:25,501,1,0
BRDA:25,502,0,0
BRDA:25,502,1,0
BRDA:25,503,0,0
BRDA:25,503,1,0
BRDA:25,504,0,0
BRDA:25,504,1,0
BRDA:25,505,0,0
BRDA:25,505,1,0
BRDA:25,505,2,0
BRDA:25,505,3,0
BRDA:25,506,0,0
BRDA:25,506,1,0
BRDA:25,507,0,0
BRDA:25,507,1,0
BRDA:25,507,2,0
BRDA:25,507,3,0
BRDA:25,508,0,0
BRDA:25,508,1,0
BRDA:25,509,0,0
BRDA:25,509,1,0
BRDA:25,510,0,0
BRDA:25,510,1,0
BRDA:25,511,0,0
BRDA:25,511,1,0
BRDA:25,512,0,0
BRDA:25,512,1,0
BRDA:25,513,0,0
BRDA:25,513,1,0
BRDA:25,514,0,0
BRDA:25,514,1,0
BRDA:25,515,0,0
BRDA:25,515,1,0
BRDA:25,516,0,0
BRDA:25,516,1,0
BRDA:25,517,0,0
BRDA:25,517,1,0
BRDA:25,518,0,0
BRDA:25,518,1,0
BRDA:25,519,0,0
BRDA:25,519,1,0
BRDA:25,520,0,0
BRDA:25,520,1,0
BRDA:25,521,0,0
BRDA:25,521,1,0
BRDA:25,522,0,0
BRDA:25,522,1,0
BRDA:25,523,0,0
BRDA:25,523,1,0
BRDA:25,524,0,0
BRDA:25,524,1,0
BRDA:25,525,0,0
BRDA:25,525,1,0
BRDA:25,526,0,0
BRDA:25,526,1,0
BRDA:25,527,0,0
BRDA:25,527,1,0
BRDA:25,528,0,0
BRDA:25,528,1,0
BRDA:25,529,0,0
BRDA:25,529,1,0
BRDA:25,530,0,0
BRDA:25,530,1,0
BRDA:25,531,0,0
BRDA:25,531,1,0
BRDA:25,532,0,0
BRDA:25,532,1,0
BRDA:25,533,0,0
BRDA:25,533,1,0
BRDA:25,534,0,0
BRDA:25,534,1,0
BRDA:25,535,0,0
BRDA:25,535,1,0
BRDA:25,536,0,0
BRDA:25,536,1,0
BRDA:25,537,0,0
BRDA:25,537,1,0
BRDA:25,538,0,0
BRDA:25,538,1,0
BRDA:25,539,0,0
BRDA:25,539,1,0
BRDA:25,540,0,0
BRDA:25,540,1,0
BRDA:25,541,0,0
BRDA:25,541,1,0
BRDA:25,542,0,0
BRDA:25,542,1,0
BRDA:25,543,0,0
BRDA:25,543,1,0
BRDA:25,544,0,0
BRDA:25,544,1,0
BRDA:25,545,0,0
BRDA:25,545,1,0
BRDA:25,545,2,0
BRDA:25,545,3,0
BRDA:25,546,0,0
BRDA:25,546,1,0
BRDA:25,547,0,0
BRDA:25,547,1,0
BRDA:25,547,2,0
BRDA:25,548,0,0
BRDA:25,548,1,0
BRDA:25,549,0,0
BRDA:25,549,1,0
BRDA:25,550,0,0
BRDA:25,550,1,0
BRDA:25,551,0,0
BRDA:25,551,1,0
BRDA:25,552,0,0
BRDA:25,552,1,0
BRDA:25,553,0,0
BRDA:25,553,1,0
BRDA:25,554,0,0
BRDA:25,554,1,0
BRDA:25,555,0,0
BRDA:25,555,1,0
BRDA:25,556,0,0
BRDA:25,556,1,0
BRDA:25,557,0,0
BRDA:25,557,1,0
BRDA:25,558,0,0
BRDA:25,558,1,0
BRDA:25,559,0,0
BRDA:25,559,1,0
BRDA:25,560,0,0
BRDA:25,560,1,0
BRDA:25,561,0,0
BRDA:25,561,1,0
BRDA:25,562,0,0
BRDA:25,562,1,0
BRDA:25,563,0,0
BRDA:25,563,1,0
BRDA:25,564,0,0
BRDA:25,564,1,0
BRDA:25,565,0,0
BRDA:25,565,1,0
BRDA:25,566,0,0
BRDA:25,566,1,0
BRDA:25,567,0,0
BRDA:25,567,1,0
BRDA:25,568,0,0
BRDA:25,568,1,0
BRDA:25,569,0,0
BRDA:25,569,1,0
BRDA:25,569,2,0
BRDA:25,569,3,0
BRDA:25,570,0,0
BRDA:25,570,1,0
BRDA:25,571,0,0
BRDA:25,571,1,0
BRDA:25,571,2,0
BRDA:25,572,0,0
BRDA:25,572,1,0
BRDA:25,573,0,0
BRDA:25,573,1,0
BRDA:25,574,0,0
BRDA:25,574,1,0
BRDA:25,575,0,0
BRDA:25,575,1,0
BRDA:25,576,0,0
BRDA:25,576,1,0
BRDA:25,576,2,0
BRDA:25,577,0,0
BRDA:25,577,1,0
BRDA:25,578,0,0
BRDA:25,578,1,0
BRDA:25,578,2,0
BRDA:25,578,3,0
BRDA:25,579,0,0
BRDA:25,579,1,0
BRDA:25,580,0,0
BRDA:25,580,1,0
BRDA:25,581,0,0
BRDA:25,581,1,0
BRDA:25,582,0,0
BRDA:25,582,1,0
BRDA:25,583,0,0
BRDA:25,583,1,0
BRDA:25,584,0,0
BRDA:25,584,1,0
BRDA:25,585,0,0
BRDA:25,585,1,0
BRDA:25,586,0,0
BRDA:25,586,1,0
BRDA:25,587,0,0
BRDA:25,587,1,0
BRDA:25,587,2,0
BRDA:25,588,0,0
BRDA:25,588,1,0
BRDA:25,589,0,0
BRDA:25,589,1,0
BRDA:25,590,0,0
BRDA:25,590,1,0
BRDA:25,590,2,0
BRDA:25,590,3,0
BRDA:25,591,0,0
BRDA:25,591,1,0
BRDA:25,592,0,0
BRDA:25,592,1,0
BRDA:25,593,0,0
BRDA:25,593,1,0
BRDA:25,594,0,0
BRDA:25,594,1,0
BRDA:25,595,0,0
BRDA:25,595,1,0
BRDA:25,596,0,0
BRDA:25,596,1,0
BRDA:25,596,2,0
BRDA:25,596,3,0
BRDA:25,597,0,0
BRDA:25,597,1,0
BRDA:25,598,0,0
BRDA:25,598,1,0
BRDA:25,598,2,0
BRDA:25,598,3,0
BRDA:25,598,4,0
BRDA:25,598,5,0
BRDA:25,598,6,0
BRDA:25,599,0,0
BRDA:25,599,1,0
BRDA:25,600,0,0
BRDA:25,600,1,0
BRDA:25,601,0,0
BRDA:25,601,1,0
BRDA:25,602,0,0
BRDA:25,602,1,0
BRDA:25,603,0,0
BRDA:25,603,1,0
BRDA:25,604,0,0
BRDA:25,604,1,0
BRDA:25,605,0,0
BRDA:25,605,1,0
BRDA:25,606,0,0
BRDA:25,606,1,0
BRDA:25,607,0,0
BRDA:25,607,1,0
BRDA:25,608,0,0
BRDA:25,608,1,0
BRDA:25,609,0,0
BRDA:25,609,1,0
BRDA:25,610,0,0
BRDA:25,610,1,0
BRDA:25,611,0,0
BRDA:25,611,1,0
BRDA:25,612,0,0
BRDA:25,612,1,0
BRDA:25,613,0,0
BRDA:25,613,1,0
BRDA:25,614,0,0
BRDA:25,614,1,0
BRDA:25,615,0,0
BRDA:25,615,1,0
BRDA:25,616,0,0
BRDA:25,616,1,0
BRDA:25,617,0,0
BRDA:25,617,1,0
BRDA:25,618,0,0
BRDA:25,618,1,0
BRDA:25,619,0,0
BRDA:25,619,1,0
BRDA:25,620,0,0
BRDA:25,620,1,0
BRDA:25,621,0,0
BRDA:25,621,1,0
BRDA:25,622,0,0
BRDA:25,622,1,0
BRDA:25,623,0,0
BRDA:25,623,1,0
BRDA:25,624,0,0
BRDA:25,624,1,0
BRDA:25,625,0,0
BRDA:25,625,1,0
BRDA:25,626,0,0
BRDA:25,626,1,0
BRDA:25,627,0,0
BRDA:25,627,1,0
BRDA:25,628,0,0
BRDA:25,628,1,0
BRDA:25,629,0,0
BRDA:25,629,1,0
BRDA:25,630,0,0
BRDA:25,630,1,0
BRDA:25,631,0,0
BRDA:25,631,1,0
BRDA:25,632,0,0
BRDA:25,632,1,0
BRDA:25,632,2,0
BRDA:25,632,3,0
BRDA:25,633,0,0
BRDA:25,633,1,0
BRDA:25,634,0,0
BRDA:25,634,1,0
BRDA:25,635,0,0
BRDA:25,635,1,0
BRDA:25,636,0,0
BRDA:25,636,1,0
BRDA:25,637,0,0
BRDA:25,637,1,0
BRDA:25,638,0,0
BRDA:25,638,1,0
BRDA:25,639,0,0
BRDA:25,639,1,0
BRDA:25,640,0,0
BRDA:25,640,1,0
BRDA:25,641,0,0
BRDA:25,641,1,0
BRDA:25,642,0,0
BRDA:25,642,1,0
BRDA:25,643,0,0
BRDA:25,643,1,0
BRDA:25,643,2,0
BRDA:25,644,0,0
BRDA:25,644,1,0
BRDA:25,645,0,0
BRDA:25,645,1,0
BRDA:25,646,0,0
BRDA:25,646,1,0
BRDA:25,647,0,0
BRDA:25,647,1,0
BRDA:25,648,0,0
BRDA:25,648,1,0
BRDA:25,649,0,0
BRDA:25,649,1,0
BRDA:25,650,0,0
BRDA:25,650,1,0
BRDA:25,651,0,0
BRDA:25,651,1,0
BRDA:25,652,0,0
BRDA:25,652,1,0
BRDA:25,653,0,0
BRDA:25,653,1,0
BRDA:25,654,0,0
BRDA:25,654,1,0
BRDA:25,655,0,0
BRDA:25,655,1,0
BRDA:25,656,0,0
BRDA:25,656,1,0
BRDA:25,657,0,0
BRDA:25,657,1,0
BRDA:25,658,0,0
BRDA:25,658,1,0
BRDA:25,659,0,0
BRDA:25,659,1,0
BRDA:25,660,0,0
BRDA:25,660,1,0
BRDA:25,661,0,0
BRDA:25,661,1,0
BRDA:25,662,0,0
BRDA:25,662,1,0
BRDA:25,663,0,0
BRDA:25,663,1,0
BRDA:25,664,0,0
BRDA:25,664,1,0
BRDA:25,665,0,0
BRDA:25,665,1,0
BRDA:25,666,0,0
BRDA:25,666,1,0
BRDA:25,667,0,0
BRDA:25,667,1,0
BRDA:25,668,0,0
BRDA:25,668,1,0
BRDA:25,669,0,0
BRDA:25,669,1,0
BRDA:25,670,0,0
BRDA:25,670,1,0
BRDA:25,670,2,0
BRDA:25,671,0,0
BRDA:25,671,1,0
BRDA:25,672,0,0
BRDA:25,672,1,0
BRDA:25,673,0,0
BRDA:25,673,1,0
BRDA:25,674,0,0
BRDA:25,674,1,0
BRDA:25,675,0,0
BRDA:25,675,1,0
BRDA:25,676,0,0
BRDA:25,676,1,0
BRDA:25,676,2,0
BRDA:25,676,3,0
BRDA:25,676,4,0
BRDA:25,676,5,0
BRDA:25,677,0,0
BRDA:25,677,1,0
BRDA:25,677,2,0
BRDA:25,677,3,0
BRDA:25,677,4,0
BRDA:25,677,5,0
BRDA:25,677,6,0
BRDA:25,677,7,0
BRDA:25,678,0,0
BRDA:25,678,1,0
BRDA:25,679,0,0
BRDA:25,679,1,0
BRDA:25,680,0,0
BRDA:25,680,1,0
BRDA:25,681,0,0
BRDA:25,681,1,0
BRDA:25,682,0,0
BRDA:25,682,1,0
BRDA:25,682,2,0
BRDA:25,682,3,0
BRDA:25,682,4,0
BRDA:25,682,5,0
BRDA:25,683,0,0
BRDA:25,683,1,0
BRDA:25,683,2,0
BRDA:25,683,3,0
BRDA:25,683,4,0
BRDA:25,683,5,0
BRDA:25,683,6,0
BRDA:25,684,0,0
BRDA:25,684,1,0
BRDA:25,685,0,0
BRDA:25,685,1,0
BRDA:25,686,0,0
BRDA:25,686,1,0
BRDA:25,687,0,0
BRDA:25,687,1,0
BRDA:25,688,0,0
BRDA:25,688,1,0
BRDA:25,689,0,0
BRDA:25,689,1,0
BRDA:25,690,0,0
BRDA:25,690,1,0
BRDA:25,691,0,0
BRDA:25,691,1,0
BRDA:25,692,0,0
BRDA:25,692,1,0
BRDA:25,693,0,0
BRDA:25,693,1,0
BRDA:25,694,0,0
BRDA:25,694,1,0
BRDA:25,695,0,0
BRDA:25,695,1,0
BRDA:25,696,0,0
BRDA:25,696,1,0
BRDA:25,697,0,0
BRDA:25,697,1,0
BRDA:25,697,2,0
BRDA:25,697,3,0
BRDA:25,698,0,0
BRDA:25,698,1,0
BRDA:25,699,0,0
BRDA:25,699,1,0
BRDA:25,699,2,0
BRDA:25,700,0,0
BRDA:25,700,1,0
BRDA:25,701,0,0
BRDA:25,701,1,0
BRDA:25,702,0,0
BRDA:25,702,1,0
BRDA:25,703,0,0
BRDA:25,703,1,0
BRDA:25,703,2,0
BRDA:25,704,0,0
BRDA:25,704,1,0
BRDA:25,705,0,0
BRDA:25,705,1,0
BRDA:25,706,0,0
BRDA:25,706,1,0
BRDA:25,707,0,0
BRDA:25,707,1,0
BRDA:25,708,0,0
BRDA:25,708,1,0
BRDA:25,709,0,0
BRDA:25,709,1,0
BRDA:25,710,0,0
BRDA:25,710,1,0
BRDA:25,711,0,0
BRDA:25,711,1,0
BRDA:25,712,0,0
BRDA:25,712,1,0
BRDA:25,712,2,0
BRDA:25,713,0,0
BRDA:25,713,1,0
BRDA:25,714,0,0
BRDA:25,714,1,0
BRDA:25,715,0,0
BRDA:25,715,1,0
BRDA:25,716,0,0
BRDA:25,716,1,0
BRDA:25,717,0,0
BRDA:25,717,1,0
BRDA:25,718,0,0
BRDA:25,718,1,0
BRDA:25,719,0,0
BRDA:25,719,1,0
BRDA:25,720,0,0
BRDA:25,720,1,0
BRDA:25,721,0,0
BRDA:25,721,1,0
BRDA:25,722,0,0
BRDA:25,722,1,0
BRDA:25,723,0,0
BRDA:25,723,1,0
BRDA:25,724,0,0
BRDA:25,724,1,0
BRDA:25,725,0,0
BRDA:25,725,1,0
BRDA:25,726,0,0
BRDA:25,726,1,0
BRDA:25,727,0,0
BRDA:25,727,1,0
BRDA:25,728,0,0
BRDA:25,728,1,0
BRDA:25,729,0,0
BRDA:25,729,1,0
BRDA:25,730,0,0
BRDA:25,730,1,0
BRDA:25,731,0,0
BRDA:25,731,1,0
BRDA:25,732,0,0
BRDA:25,732,1,0
BRDA:25,733,0,0
BRDA:25,733,1,0
BRDA:25,733,2,0
BRDA:25,734,0,0
BRDA:25,734,1,0
BRDA:25,735,0,0
BRDA:25,735,1,0
BRDA:25,736,0,0
BRDA:25,736,1,0
BRDA:25,737,0,0
BRDA:25,737,1,0
BRDA:25,738,0,0
BRDA:25,738,1,0
BRDA:25,739,0,0
BRDA:25,739,1,0
BRDA:25,740,0,0
BRDA:25,740,1,0
BRDA:25,741,0,0
BRDA:25,741,1,0
BRDA:25,742,0,0
BRDA:25,742,1,0
BRDA:25,743,0,0
BRDA:25,743,1,0
BRDA:25,744,0,0
BRDA:25,744,1,0
BRDA:25,744,2,0
BRDA:25,744,3,0
BRDA:25,745,0,0
BRDA:25,745,1,0
BRDA:25,746,0,0
BRDA:25,746,1,0
BRDA:25,747,0,0
BRDA:25,747,1,0
BRDA:25,747,2,0
BRDA:25,747,3,0
BRDA:25,748,0,0
BRDA:25,748,1,0
BRDA:25,749,0,0
BRDA:25,749,1,0
BRDA:25,749,2,0
BRDA:25,749,3,0
BRDA:25,749,4,0
BRDA:25,749,5,0
BRDA:25,749,6,0
BRDA:25,750,0,0
BRDA:25,750,1,0
BRDA:25,751,0,0
BRDA:25,751,1,0
BRDA:25,752,0,0
BRDA:25,752,1,0
BRDA:25,753,0,0
BRDA:25,753,1,0
BRDA:25,754,0,0
BRDA:25,754,1,0
BRDA:25,755,0,0
BRDA:25,755,1,0
BRDA:25,756,0,0
BRDA:25,756,1,0
BRDA:25,757,0,0
BRDA:25,757,1,0
BRDA:25,758,0,0
BRDA:25,758,1,0
BRDA:25,759,0,0
BRDA:25,759,1,0
BRDA:25,760,0,0
BRDA:25,760,1,0
BRDA:25,761,0,0
BRDA:25,761,1,0
BRDA:25,762,0,0
BRDA:25,762,1,0
BRDA:25,763,0,0
BRDA:25,763,1,0
BRDA:25,764,0,0
BRDA:25,764,1,0
BRDA:25,765,0,0
BRDA:25,765,1,0
BRDA:25,766,0,0
BRDA:25,766,1,0
BRDA:25,767,0,0
BRDA:25,767,1,0
BRDA:25,768,0,0
BRDA:25,768,1,0
BRDA:25,769,0,0
BRDA:25,769,1,0
BRDA:25,770,0,0
BRDA:25,770,1,0
BRDA:25,771,0,0
BRDA:25,771,1,0
BRDA:25,772,0,0
BRDA:25,772,1,0
BRDA:25,773,0,0
BRDA:25,773,1,0
BRDA:25,773,2,0
BRDA:25,774,0,0
BRDA:25,774,1,0
BRDA:25,775,0,0
BRDA:25,775,1,0
BRDA:25,775,2,0
BRDA:25,776,0,0
BRDA:25,776,1,0
BRDA:25,777,0,0
BRDA:25,777,1,0
BRDA:25,777,2,0
BRDA:25,778,0,0
BRDA:25,778,1,0
BRDA:25,779,0,0
BRDA:25,779,1,0
BRDA:25,780,0,0
BRDA:25,780,1,0
BRDA:25,781,0,0
BRDA:25,781,1,0
BRDA:25,782,0,0
BRDA:25,782,1,0
BRDA:25,783,0,0
BRDA:25,783,1,0
BRDA:25,784,0,0
BRDA:25,784,1,0
BRDA:25,785,0,0
BRDA:25,785,1,0
BRDA:25,786,0,0
BRDA:25,786,1,0
BRDA:25,786,2,0
BRDA:25,787,0,0
BRDA:25,787,1,0
BRDA:25,788,0,0
BRDA:25,788,1,0
BRDA:25,788,2,0
BRDA:25,788,3,0
BRDA:25,789,0,0
BRDA:25,789,1,0
BRDA:25,790,0,0
BRDA:25,790,1,0
BRDA:25,790,2,0
BRDA:25,791,0,0
BRDA:25,791,1,0
BRDA:25,792,0,0
BRDA:25,792,1,0
BRDA:25,793,0,0
BRDA:25,793,1,0
BRDA:25,794,0,0
BRDA:25,794,1,0
BRDA:25,795,0,0
BRDA:25,795,1,0
BRDA:25,796,0,0
BRDA:25,796,1,0
BRDA:25,797,0,0
BRDA:25,797,1,0
BRDA:25,798,0,0
BRDA:25,798,1,0
BRDA:25,799,0,0
BRDA:25,799,1,0
BRDA:25,800,0,0
BRDA:25,800,1,0
BRDA:25,801,0,0
BRDA:25,801,1,0
BRDA:25,802,0,0
BRDA:25,802,1,0
BRDA:25,802,2,0
BRDA:25,802,3,0
BRDA:25,802,4,0
BRDA:25,802,5,0
BRDA:25,803,0,0
BRDA:25,803,1,0
[...]
BRDA:171,15,0,0
BRDA:174,16,0,0
BRDA:209,17,0,0
BRDA:228,18,0,1
BRDA:238,19,0,1
BRDA:238,20,0,2
BRDA:238,20,1,1
BRF:29
BRH:6
end_of_record
TN:
SF:src/entities/Service.ts
FN:30,BadRequestWithMessage
FN:49,HandleServiceResponseSuccess
FN:57,HandleServiceResponseCustomError
FNF:3
FNH:2
FNDA:0,BadRequestWithMessage
FNDA:24,HandleServiceResponseSuccess
FNDA:43,HandleServiceResponseCustomError
DA:12,8
DA:21,8
DA:30,8
DA:31,0
DA:41,8
DA:49,8
DA:50,24
DA:57,8
DA:61,43
LF:9
LH:8
BRF:0
BRH:0
end_of_record
TN:
SF:src/entities/User.ts
FN:34,exclude
FNF:1
FNH:0
FNDA:0,exclude
DA:34,2
DA:38,0
DA:39,0
DA:41,0
LF:4
LH:1
BRF:0
BRH:0
end_of_record
TN:
SF:src/pkg/graceful/index.ts
FN:8,registerProcessForShutdown
FN:16,shutdownProcesses
FNF:2
FNH:1
FNDA:2,registerProcessForShutdown
FNDA:0,shutdownProcesses
DA:6,2
DA:8,2
DA:12,2
DA:13,2
DA:16,2
DA:17,0
DA:19,0
DA:20,0
DA:21,0
DA:22,0
DA:25,0
DA:26,0
LF:12
LH:5
BRF:0
BRH:0
end_of_record
TN:
SF:src/pkg/oauth/google.ts
FN:8,(anonymous_0)
FN:16,(anonymous_1)
FN:23,(anonymous_2)
FNF:3
FNH:3
FNDA:1,(anonymous_0)
FNDA:1,(anonymous_1)
FNDA:1,(anonymous_2)
DA:1,1
DA:4,1
DA:9,1
DA:17,1
DA:18,1
DA:20,1
DA:24,1
DA:28,1
LF:8
LH:8
BRDA:17,0,0,1
BRF:1
BRH:1
end_of_record
TN:
SF:src/pkg/prisma/extension.ts
FN:6,(anonymous_0)
FN:12,(anonymous_1)
FN:14,(anonymous_2)
FN:23,(anonymous_3)
FNF:4
FNH:0
FNDA:0,(anonymous_0)
FNDA:0,(anonymous_1)
FNDA:0,(anonymous_2)
FNDA:0,(anonymous_3)
DA:1,2
DA:3,2
DA:7,0
DA:8,0
DA:10,0
DA:13,0
DA:14,0
DA:18,0
DA:19,0
DA:21,0
DA:24,0
DA:25,0
DA:27,0
LF:13
LH:2
BRDA:7,0,0,0
BRDA:7,1,0,0
BRDA:7,1,1,0
BRDA:13,2,0,0
BRDA:13,2,1,0
BRDA:16,3,0,0
BRDA:16,3,1,0
BRDA:18,4,0,0
BRDA:18,5,0,0
BRDA:18,5,1,0
BRDA:24,6,0,0
BRDA:24,7,0,0
BRDA:24,7,1,0
BRF:13
BRH:0
end_of_record
TN:
SF:src/pkg/prisma/index.ts
FN:9,(anonymous_9)
FN:31,(anonymous_10)
FN:38,(anonymous_11)
FN:45,(anonymous_12)
FNF:4
FNH:3
FNDA:2,(anonymous_9)
FNDA:0,(anonymous_10)
FNDA:2,(anonymous_11)
FNDA:2,(anonymous_12)
DA:1,2
DA:2,2
DA:3,2
DA:5,2
DA:10,2
DA:31,2
DA:32,0
DA:35,2
DA:39,2
DA:40,2
DA:42,2
DA:46,2
DA:50,2
LF:13
LH:12
BRDA:39,0,0,2
BRF:1
BRH:1
end_of_record
TN:
SF:src/repositories/TenantRepository.ts
FN:96,create
FN:97,(anonymous_10)
FN:179,getAll
FN:207,(anonymous_12)
FN:214,(anonymous_13)
FN:217,(anonymous_14)
FN:240,getAllByUserId
FN:289,(anonymous_16)
FN:296,(anonymous_17)
FN:301,(anonymous_18)
FN:304,(anonymous_19)
FN:316,getById
FN:327,getByName
FN:335,update
FN:336,(anonymous_23)
FN:402,deleteById
FN:411,addTenantUser
FN:426,upsertSetting
FN:450,getSetting
FN:461,getAllSettings
FNF:20
FNH:1
FNDA:0,create
FNDA:0,(anonymous_10)
FNDA:0,getAll
FNDA:0,(anonymous_12)
FNDA:0,(anonymous_13)
FNDA:0,(anonymous_14)
FNDA:0,getAllByUserId
FNDA:0,(anonymous_16)
FNDA:0,(anonymous_17)
FNDA:0,(anonymous_18)
FNDA:0,(anonymous_19)
FNDA:0,getById
FNDA:0,getByName
FNDA:0,update
FNDA:0,(anonymous_23)
FNDA:0,deleteById
FNDA:0,addTenantUser
FNDA:0,upsertSetting
FNDA:0,getSetting
FNDA:5,getAllSettings
DA:1,1
DA:2,1
DA:4,1
DA:5,1
DA:6,1
DA:15,1
DA:39,1
DA:96,1
DA:97,0
DA:98,0
DA:101,0
DA:112,0
DA:113,0
DA:114,0
DA:124,0
DA:129,0
DA:130,0
DA:131,0
DA:132,0
DA:135,0
DA:136,0
DA:138,0
DA:141,0
DA:142,0
DA:144,0
DA:145,0
DA:146,0
DA:158,0
DA:159,0
DA:163,0
DA:164,0
DA:165,0
DA:175,0
DA:179,1
DA:180,0
DA:181,0
DA:182,0
DA:184,0
DA:200,0
DA:207,0
DA:214,0
DA:218,0
DA:229,0
DA:230,0
DA:231,0
DA:233,0
DA:240,1
DA:244,0
DA:245,0
DA:246,0
DA:248,0
DA:249,0
DA:258,0
DA:277,0
DA:284,0
DA:285,0
DA:286,0
DA:288,0
DA:289,0
DA:296,0
DA:301,0
DA:304,0
DA:316,1
DA:317,0
DA:327,1
DA:328,0
DA:335,1
DA:336,0
DA:337,0
DA:338,0
DA:351,0
DA:359,0
DA:360,0
DA:368,0
DA:370,0
DA:376,0
DA:387,0
DA:388,0
DA:398,0
DA:402,1
DA:403,0
DA:411,1
DA:416,0
DA:426,1
DA:431,0
DA:450,1
DA:451,0
DA:461,1
DA:462,5
LF:89
LH:19
BRDA:106,0,0,0
BRDA:106,0,1,0
BRDA:130,1,0,0
BRDA:135,2,0,0
BRDA:142,3,0,0
BRDA:158,4,0,0
BRDA:164,5,0,0
BRDA:164,6,0,0
BRDA:164,6,1,0
BRDA:212,7,0,0
BRDA:212,7,1,0
BRDA:213,8,0,0
BRDA:213,8,1,0
BRDA:230,9,0,0
BRDA:248,10,0,0
BRDA:285,11,0,0
BRDA:294,12,0,0
BRDA:294,12,1,0
BRDA:299,13,0,0
BRDA:299,13,1,0
BRDA:300,14,0,0
BRDA:300,14,1,0
BRDA:346,15,0,0
BRDA:346,15,1,0
BRDA:359,16,0,0
BRDA:368,17,0,0
BRDA:387,18,0,0
BRF:27
BRH:0
end_of_record
TN:
SF:src/repositories/UserActivityLogRepository.ts
FN:5,create
FN:15,getAll
FN:51,getById
FN:67,deleteById
FNF:4
FNH:0
FNDA:0,create
FNDA:0,getAll
FNDA:0,getById
FNDA:0,deleteById
DA:1,1
DA:2,1
DA:3,1
DA:5,1
DA:6,0
DA:15,1
DA:16,0
DA:17,0
DA:18,0
DA:20,0
DA:29,0
DA:33,0
DA:40,0
DA:41,0
DA:42,0
DA:44,0
DA:51,1
DA:52,0
DA:67,1
DA:68,0
LF:20
LH:7
BRDA:41,0,0,0
BRF:1
BRH:0
end_of_record
TN:
SF:src/services/AiEssayScoringService.ts
FN:58,scoreEssayAnswer
FN:206,evaluateEssayAnswers
FNF:2
FNH:2
FNDA:9,scoreEssayAnswer
FNDA:2,evaluateEssayAnswers
DA:1,1
DA:2,1
DA:3,1
DA:4,1
DA:5,1
DA:6,1
DA:9,1
DA:58,1
DA:66,9
DA:67,9
DA:73,9
DA:142,9
DA:144,9
DA:153,7
DA:154,3
DA:155,3
DA:156,3
DA:169,1
DA:176,7
DA:182,7
DA:184,2
DA:192,2
DA:206,1
DA:217,2
DA:219,2
DA:220,4
DA:225,4
DA:231,2
LF:28
LH:28
BRDA:125,0,0,4
BRDA:125,0,1,5
BRDA:130,1,0,4
BRDA:130,1,1,5
BRDA:153,2,0,3
BRDA:153,3,0,7
BRDA:153,3,1,3
BRDA:163,4,0,3
BRDA:163,4,1,0
BRDA:164,5,0,3
BRDA:164,5,1,0
BRDA:165,6,0,3
BRDA:165,6,1,0
BRDA:171,7,0,1
BRDA:171,7,1,0
BRDA:185,8,0,2
BRDA:185,8,1,0
BRDA:186,9,0,2
BRDA:186,9,1,0
BRF:19
BRH:13
end_of_record
TN:
SF:src/services/AiPromptService.ts
FN:13,getByTenantId
FN:31,upsertByTenantId
FNF:2
FNH:2
FNDA:3,getByTenantId
FNDA:3,upsertByTenantId
DA:3,1
DA:4,1
DA:10,1
DA:11,1
DA:13,1
DA:16,3
DA:17,3
DA:19,2
DA:20,1
DA:23,1
DA:25,1
DA:26,1
DA:31,1
DA:36,3
DA:37,3
DA:38,3
DA:39,1
DA:44,2
DA:45,2
DA:46,2
DA:47,2
DA:49,1
DA:51,1
DA:54,1
LF:24
LH:24
BRDA:19,0,0,1
BRDA:38,1,0,1
BRF:2
BRH:2
end_of_record
TN:
SF:src/services/AssignmentAiService.ts
FN:48,normalizeVector
FN:49,(anonymous_2)
FN:51,(anonymous_3)
FN:57,streamQuestions
FN:120,(anonymous_5)
FNF:5
FNH:5
FNDA:3,normalizeVector
FNDA:9,(anonymous_2)
FNDA:9,(anonymous_3)
FNDA:5,streamQuestions
FNDA:1,(anonymous_5)
DA:1,1
DA:2,1
DA:3,1
DA:4,1
DA:5,1
DA:6,1
DA:7,1
DA:8,1
DA:10,1
DA:14,1
DA:49,9
DA:50,3
DA:51,9
DA:57,1
DA:62,5
DA:69,5
DA:70,5
DA:71,1
DA:75,4
DA:76,4
DA:78,4
DA:89,3
DA:92,3
DA:106,3
DA:107,3
DA:108,1
DA:109,1
DA:111,1
DA:112,1
DA:114,1
DA:115,1
DA:119,1
DA:120,1
DA:122,0
DA:123,0
DA:125,1
DA:128,3
DA:129,1
DA:134,1
DA:138,4
DA:154,4
DA:161,4
LF:42
LH:40
BRDA:11,0,0,1
BRDA:11,0,1,1
BRDA:50,1,0,0
BRDA:59,2,0,5
BRDA:70,3,0,1
BRDA:71,4,0,1
BRDA:71,4,1,0
BRDA:94,5,0,0
BRDA:94,5,1,3
BRDA:109,6,0,0
BRDA:112,7,0,0
BRDA:115,8,0,1
BRDA:115,8,1,0
BRDA:116,9,0,1
BRDA:116,9,1,1
BRDA:122,10,0,0
BRDA:128,11,0,1
BRF:17
BRH:10
end_of_record
TN:
SF:src/services/AuthService.ts
FN:15,createToken
FN:23,logIn
FN:68,verifyToken
FN:99,changePassword
FN:134,googleCallback
FNF:5
FNH:3
FNDA:0,createToken
FNDA:4,logIn
FNDA:2,verifyToken
FNDA:2,changePassword
FNDA:0,googleCallback
DA:1,1
DA:6,1
DA:7,1
DA:8,1
DA:9,1
DA:10,1
DA:11,1
DA:12,1
DA:13,1
DA:16,0
DA:17,0
DA:20,0
DA:23,1
DA:24,4
DA:25,4
DA:27,4
DA:29,4
DA:30,2
DA:33,2
DA:39,0
DA:40,0
DA:41,0
DA:46,0
DA:50,0
DA:52,0
DA:55,0
DA:58,2
DA:61,2
DA:68,1
DA:71,2
DA:72,2
DA:73,2
DA:74,2
DA:76,0
DA:77,0
DA:78,0
DA:81,0
DA:89,2
DA:92,0
DA:95,0
DA:99,1
DA:104,2
DA:105,2
DA:107,2
DA:108,1
DA:111,1
DA:117,0
DA:118,0
DA:121,0
DA:123,0
DA:125,0
DA:127,1
DA:130,1
DA:134,1
DA:137,0
DA:138,0
DA:139,0
DA:140,0
DA:144,0
DA:146,0
DA:147,0
DA:150,0
DA:152,0
DA:153,0
DA:166,0
DA:167,0
DA:172,0
DA:183,0
DA:185,0
DA:190,0
DA:193,0
LF:71
LH:33
BRDA:17,0,0,0
BRDA:17,0,1,0
BRDA:29,1,0,2
BRDA:29,2,0,4
BRDA:29,2,1,3
BRDA:29,2,2,3
BRDA:39,3,0,0
BRDA:39,3,1,0
BRDA:62,4,0,2
BRDA:62,4,1,0
BRDA:73,5,0,2
BRDA:73,5,1,2
BRDA:77,6,0,0
BRDA:107,7,0,1
BRDA:117,8,0,0
BRDA:146,9,0,0
BRDA:152,10,0,0
BRDA:152,10,1,0
BRDA:161,11,0,0
BRDA:161,11,1,0
BRDA:166,12,0,0
BRDA:177,13,0,0
BRDA:177,13,1,0
BRF:23
BRH:8
end_of_record
TN:
SF:src/services/ExampleBufferService.ts
FN:13,getPDF
FN:61,buildSampleHtmlTable
FN:97,(anonymous_3)
FN:116,getXLSX
FNF:4
FNH:4
FNDA:1,getPDF
FNDA:1,buildSampleHtmlTable
FNDA:2,(anonymous_3)
FNDA:1,getXLSX
DA:2,1
DA:7,1
DA:8,1
DA:9,1
DA:10,1
DA:11,1
DA:13,1
DA:15,1
DA:18,1
DA:19,1
DA:20,1
DA:21,1
DA:23,1
DA:27,1
DA:28,1
DA:29,1
DA:39,1
DA:41,1
DA:43,1
DA:48,1
DA:62,1
DA:71,1
DA:97,2
DA:116,1
DA:117,1
DA:118,1
DA:138,1
DA:139,1
DA:140,1
DA:145,1
DA:147,0
LF:31
LH:30
BRF:0
BRH:0
end_of_record
TN:
SF:src/services/MasterKnowledgeCaseService.ts
FN:16,create
FN:51,getAll
FN:100,getById
FN:127,update
FN:156,deleteById
FNF:5
FNH:5
FNDA:3,create
FNDA:2,getAll
FNDA:2,getById
FNDA:2,update
FNDA:2,deleteById
DA:3,1
DA:4,1
DA:5,1
DA:6,1
DA:12,1
DA:16,1
DA:20,3
DA:22,3
DA:29,2
DA:30,1
DA:38,1
DA:42,1
DA:44,1
DA:47,1
DA:51,1
DA:57,2
DA:58,2
DA:60,2
DA:65,2
DA:84,1
DA:85,1
DA:86,0
DA:88,1
DA:94,1
DA:97,1
DA:100,1
DA:103,2
DA:104,2
DA:111,2
DA:112,1
DA:117,1
DA:119,0
DA:122,0
DA:127,1
DA:131,2
DA:132,2
DA:136,2
DA:137,1
DA:142,1
DA:147,1
DA:149,0
DA:152,0
DA:156,1
DA:157,2
DA:158,2
DA:161,2
DA:162,1
DA:164,1
DA:167,1
DA:169,0
DA:172,0
LF:51
LH:44
BRDA:29,0,0,1
BRDA:85,1,0,0
BRDA:111,2,0,1
BRDA:136,3,0,1
BRDA:161,4,0,1
BRF:5
BRH:4
end_of_record
TN:
SF:src/services/MasterKnowledgeCategoryService.ts
FN:13,create
FN:33,getAll
FN:82,getById
FN:111,update
FN:140,deleteById
FNF:5
FNH:5
FNDA:2,create
FNDA:2,getAll
FNDA:3,getById
FNDA:3,update
FNDA:4,deleteById
DA:3,1
DA:4,1
DA:5,1
DA:11,1
DA:13,1
DA:17,2
DA:18,2
DA:24,1
DA:26,1
DA:29,1
DA:33,1
DA:39,2
DA:41,2
DA:42,2
DA:43,2
DA:46,2
DA:52,2
DA:58,2
DA:65,1
DA:66,1
DA:67,0
DA:69,1
DA:75,1
DA:78,1
DA:82,1
DA:85,3
DA:87,3
DA:94,2
DA:95,1
DA:100,1
DA:102,1
DA:105,1
DA:111,1
DA:115,3
DA:116,3
DA:120,2
DA:121,1
DA:126,1
DA:131,1
DA:133,1
DA:136,1
DA:140,1
DA:141,4
DA:143,4
DA:152,3
DA:153,1
DA:157,2
DA:158,1
DA:165,1
DA:167,1
DA:169,1
DA:172,1
LF:52
LH:51
BRDA:66,0,0,0
BRDA:94,1,0,1
BRDA:120,2,0,1
BRDA:152,3,0,1
BRDA:157,4,0,1
BRF:5
BRH:4
end_of_record
TN:
SF:src/services/MasterKnowledgeSubCategoryService.ts
FN:13,create
FN:48,getAll
FN:97,getById
FN:126,update
FN:158,deleteById
FNF:5
FNH:5
FNDA:3,create
FNDA:2,getAll
FNDA:2,getById
FNDA:2,update
FNDA:3,deleteById
DA:3,1
DA:4,1
DA:5,1
DA:11,1
DA:13,1
DA:17,3
DA:18,3
DA:25,2
DA:26,1
DA:32,1
DA:39,1
DA:41,1
DA:44,1
DA:48,1
DA:54,2
DA:55,2
DA:57,2
DA:62,2
DA:80,1
DA:81,1
DA:82,0
DA:84,1
DA:90,1
DA:93,1
DA:97,1
DA:100,2
DA:102,2
DA:110,2
DA:111,1
DA:116,1
DA:118,0
DA:121,0
DA:126,1
DA:130,2
DA:131,2
DA:135,2
DA:136,1
DA:141,1
DA:149,1
DA:151,0
DA:154,0
DA:158,1
DA:159,3
DA:161,3
DA:168,3
DA:169,1
DA:173,2
DA:174,1
DA:181,1
DA:183,1
DA:185,0
DA:188,0
LF:52
LH:45
BRDA:25,0,0,1
BRDA:81,1,0,0
BRDA:110,2,0,1
BRDA:135,3,0,1
BRDA:168,4,0,1
BRDA:173,5,0,1
BRF:6
BRH:5
end_of_record
TN:
SF:src/services/TenanUserService.ts
FN:16,create
FN:32,assignUserTenantByTenantId
FN:94,getByTenantId
FN:117,getAll
FNF:4
FNH:4
FNDA:2,create
FNDA:3,assignUserTenantByTenantId
FNDA:2,getByTenantId
FNDA:2,getAll
DA:1,1
DA:8,1
DA:9,1
DA:10,1
DA:11,1
DA:13,1
DA:14,1
DA:16,1
DA:20,2
DA:21,2
DA:25,1
DA:27,1
DA:28,1
DA:32,1
DA:36,3
DA:37,3
DA:39,2
DA:40,1
DA:45,1
DA:47,1
DA:48,1
DA:53,1
DA:55,1
DA:80,1
DA:85,1
DA:87,1
DA:90,1
DA:94,1
DA:97,2
DA:98,2
DA:100,2
DA:101,1
DA:106,1
DA:108,1
DA:110,0
DA:113,0
DA:117,1
DA:125,2
DA:126,2
DA:128,1
DA:132,1
DA:134,1
DA:140,1
DA:143,1
LF:44
LH:42
BRDA:39,0,0,1
BRDA:53,1,0,0
BRDA:53,2,0,1
BRDA:53,2,1,1
BRDA:61,3,0,1
BRDA:61,3,1,0
BRDA:61,4,0,1
BRDA:61,4,1,0
BRDA:66,5,0,1
BRDA:66,5,1,0
BRDA:66,6,0,1
BRDA:66,6,1,0
BRDA:70,7,0,1
BRDA:70,7,1,0
BRDA:70,8,0,1
BRDA:70,8,1,0
BRDA:74,9,0,1
BRDA:74,9,1,0
BRDA:74,10,0,1
BRDA:74,10,1,0
BRDA:100,11,0,1
BRDA:128,12,0,1
BRDA:128,12,1,0
BRDA:132,13,0,1
BRDA:132,13,1,0
BRF:25
BRH:14
end_of_record
TN:
SF:src/services/TenantService.ts
FN:15,create
FN:23,(anonymous_11)
FN:60,getAll
FN:74,getById
FN:96,update
FN:128,deleteById
FN:158,getAllByUserId
FN:174,addMember
FN:210,getUserPoints
FN:215,(anonymous_19)
FN:238,upsertSetting
FN:263,getSettings
FNF:12
FNH:1
FNDA:0,create
FNDA:0,(anonymous_11)
FNDA:0,getAll
FNDA:0,getById
FNDA:0,update
FNDA:0,deleteById
FNDA:0,getAllByUserId
FNDA:0,addMember
FNDA:0,getUserPoints
FNDA:0,(anonymous_19)
FNDA:0,upsertSetting
FNDA:5,getSettings
DA:4,1
DA:5,1
DA:11,1
DA:12,1
DA:15,1
DA:19,0
DA:21,0
DA:22,0
DA:23,0
DA:27,0
DA:29,0
DA:32,0
DA:39,0
DA:42,0
DA:44,0
DA:51,0
DA:53,0
DA:56,0
DA:60,1
DA:63,0
DA:64,0
DA:65,0
DA:67,0
DA:70,0
DA:74,1
DA:77,0
DA:78,0
DA:80,0
DA:81,0
DA:86,0
DA:88,0
DA:91,0
DA:96,1
DA:101,0
DA:102,0
DA:104,0
DA:105,0
DA:110,0
DA:112,0
DA:119,0
DA:121,0
DA:124,0
DA:128,1
DA:132,0
DA:133,0
DA:134,0
DA:135,0
DA:140,0
DA:142,0
DA:149,0
DA:151,0
DA:154,0
DA:158,1
DA:162,0
DA:163,0
DA:164,0
DA:166,0
DA:169,0
DA:174,1
DA:179,0
DA:181,0
DA:182,0
DA:183,0
DA:190,0
DA:192,0
DA:196,0
DA:197,0
DA:203,0
DA:206,0
DA:210,1
DA:214,0
DA:215,0
DA:219,0
DA:227,0
DA:229,0
DA:231,0
DA:234,0
DA:238,1
DA:244,0
DA:245,0
DA:247,0
DA:254,0
DA:256,0
DA:259,0
DA:263,1
DA:266,5
DA:267,5
DA:268,0
DA:270,5
DA:273,5
LF:90
LH:18
BRDA:21,0,0,0
BRDA:29,1,0,0
BRDA:80,2,0,0
BRDA:104,3,0,0
BRDA:134,4,0,0
BRDA:182,5,0,0
BRDA:196,6,0,0
BRDA:227,7,0,0
BRDA:227,7,1,0
BRDA:227,8,0,0
BRDA:227,8,1,0
BRF:11
BRH:0
end_of_record
TN:
SF:src/services/UserActivityLogService.ts
FN:13,getAll
FN:27,getById
FN:48,create
FNF:3
FNH:0
FNDA:0,getAll
FNDA:0,getById
FNDA:0,create
DA:3,1
DA:4,1
DA:10,1
DA:11,1
DA:13,1
DA:16,0
DA:17,0
DA:18,0
DA:20,0
DA:23,0
DA:27,1
DA:30,0
DA:31,0
DA:33,0
DA:34,0
DA:39,0
DA:41,0
DA:44,0
DA:48,1
DA:54,0
DA:55,0
DA:57,0
DA:59,0
DA:60,0
DA:63,0
DA:64,0
DA:67,0
DA:69,0
LF:28
LH:7
BRDA:33,0,0,0
BRDA:59,1,0,0
BRDA:63,2,0,0
BRF:3
BRH:0
end_of_record
TN:
SF:src/services/UserKnowledgeReadLogService.ts
FN:8,ok
FN:12,fail
FN:20,getAllByTenant
FN:32,getStatusInTenant
FN:54,markViewedInTenant
FNF:5
FNH:5
FNDA:3,ok
FNDA:5,fail
FNDA:2,getAllByTenant
FNDA:3,getStatusInTenant
FNDA:3,markViewedInTenant
DA:1,1
DA:2,1
DA:9,3
DA:17,5
DA:20,1
DA:21,2
DA:22,2
DA:26,1
DA:28,1
DA:32,1
DA:37,3
DA:38,3
DA:42,2
DA:44,1
DA:48,1
DA:50,1
DA:54,1
DA:59,3
DA:60,3
DA:64,2
DA:66,1
DA:70,1
DA:72,1
LF:23
LH:23
BRDA:42,0,0,1
BRDA:64,1,0,1
BRF:2
BRH:2
end_of_record
TN:
SF:src/services/Analytics/AnalyticsService.ts
FN:45,(anonymous_0)
FN:95,(anonymous_1)
FN:111,(anonymous_2)
FN:182,(anonymous_3)
FN:188,(anonymous_4)
FN:190,(anonymous_5)
FNF:6
FNH:1
FNDA:3,(anonymous_0)
FNDA:0,(anonymous_1)
FNDA:0,(anonymous_2)
FNDA:0,(anonymous_3)
FNDA:0,(anonymous_4)
FNDA:0,(anonymous_5)
DA:1,1
DA:2,1
DA:45,1
DA:49,3
DA:52,3
DA:54,2
DA:55,2
DA:57,1
DA:58,1
DA:60,0
DA:61,0
DA:64,0
DA:66,0
DA:69,3
DA:78,3
DA:95,0
DA:96,0
DA:100,0
DA:101,0
DA:102,0
DA:105,0
DA:109,0
DA:111,0
DA:112,0
DA:113,0
DA:114,0
DA:115,0
DA:119,0
DA:120,0
DA:121,0
DA:124,0
DA:125,0
DA:126,0
DA:128,0
DA:129,0
DA:132,0
DA:133,0
DA:134,0
DA:136,0
DA:137,0
DA:138,0
DA:141,0
DA:142,0
DA:151,0
DA:163,0
DA:164,0
DA:165,0
DA:166,0
DA:168,0
DA:169,0
DA:177,0
DA:178,0
DA:181,0
DA:182,0
DA:188,0
DA:190,0
DA:191,0
DA:192,0
DA:193,0
DA:195,0
DA:202,0
DA:209,0
DA:223,0
DA:224,0
DA:225,0
DA:227,0
DA:229,0
DA:230,0
DA:231,0
DA:234,0
DA:241,0
DA:243,0
LF:72
LH:11
BRDA:52,0,0,2
BRDA:52,0,1,1
BRDA:52,0,2,0
BRDA:52,0,3,0
BRDA:52,0,4,0
BRDA:69,1,0,3
BRDA:69,1,1,0
BRDA:112,2,0,0
BRDA:113,3,0,0
BRDA:114,4,0,0
BRDA:128,5,0,0
BRDA:165,6,0,0
BRDA:165,6,1,0
BRDA:166,7,0,0
BRDA:166,7,1,0
BRDA:168,8,0,0
BRDA:184,9,0,0
BRDA:184,9,1,0
BRDA:234,10,0,0
BRDA:234,10,1,0
BRF:20
BRH:3
end_of_record
TN:
SF:src/services/Ephemeral/EphemeralChatService.ts
FN:26,(anonymous_1)
FN:30,(anonymous_2)
FN:40,(anonymous_3)
FN:61,(anonymous_4)
FN:86,(anonymous_5)
FN:112,(anonymous_6)
FN:119,(anonymous_7)
FNF:7
FNH:6
FNDA:8,(anonymous_1)
FNDA:0,(anonymous_2)
FNDA:3,(anonymous_3)
FNDA:3,(anonymous_4)
FNDA:3,(anonymous_5)
FNDA:1,(anonymous_6)
FNDA:1,(anonymous_7)
DA:2,1
DA:3,1
DA:4,1
DA:22,1
DA:27,8
DA:31,0
DA:32,0
DA:34,0
DA:41,3
DA:44,3
DA:45,2
DA:48,1
DA:50,1
DA:66,3
DA:73,3
DA:76,1
DA:88,3
DA:90,3
DA:91,1
DA:95,1
DA:99,2
DA:100,1
DA:105,1
DA:113,1
DA:120,1
DA:121,1
LF:26
LH:23
BRDA:31,0,0,0
BRDA:44,1,0,2
BRDA:44,2,0,3
BRDA:44,2,1,1
BRDA:44,2,2,1
BRDA:90,3,0,1
BRDA:99,4,0,1
BRF:7
BRH:6
end_of_record
TN:
SF:src/services/Ephemeral/EphemeralThreadJanitor.ts
FN:9,(anonymous_1)
FN:16,(anonymous_2)
FN:26,(anonymous_3)
FN:38,(anonymous_4)
FN:49,(anonymous_5)
FN:60,(anonymous_6)
FN:82,(anonymous_7)
FN:98,(anonymous_8)
FNF:8
FNH:5
FNDA:1,(anonymous_1)
FNDA:4,(anonymous_2)
FNDA:1,(anonymous_3)
FNDA:0,(anonymous_4)
FNDA:2,(anonymous_5)
FNDA:0,(anonymous_6)
FNDA:3,(anonymous_7)
FNDA:0,(anonymous_8)
DA:1,1
DA:2,1
DA:4,1
DA:6,1
DA:11,1
DA:17,4
DA:18,1
DA:20,4
DA:27,1
DA:28,0
DA:31,0
DA:34,1
DA:38,1
DA:39,0
DA:43,1
DA:50,2
DA:51,1
DA:52,1
DA:53,1
DA:61,0
DA:65,0
DA:66,0
DA:68,0
DA:69,0
DA:73,0
DA:86,3
DA:94,1
DA:95,1
DA:98,1
DA:99,0
DA:100,0
LF:31
LH:20
BRDA:12,0,0,1
BRDA:12,0,1,1
BRDA:17,1,0,1
BRDA:27,2,0,0
BRDA:50,3,0,1
BRDA:68,4,0,0
BRDA:68,4,1,0
BRF:7
BRH:4
end_of_record
TN:
SF:src/services/Ephemeral/EphemeralThreadStore.ts
FN:19,(anonymous_1)
FN:23,(anonymous_2)
FN:33,(anonymous_3)
FN:40,(anonymous_4)
FN:47,(anonymous_5)
FN:77,(anonymous_6)
FN:110,(anonymous_7)
FN:136,(anonymous_8)
FN:164,(anonymous_9)
FN:188,(anonymous_10)
FN:210,(anonymous_11)
FNF:11
FNH:11
FNDA:1,(anonymous_1)
FNDA:12,(anonymous_2)
FNDA:16,(anonymous_3)
FNDA:25,(anonymous_4)
FNDA:16,(anonymous_5)
FNDA:9,(anonymous_6)
FNDA:2,(anonymous_7)
FNDA:1,(anonymous_8)
FNDA:1,(anonymous_9)
FNDA:1,(anonymous_10)
FNDA:12,(anonymous_11)
DA:2,1
DA:3,1
DA:14,1
DA:17,1
DA:20,1
DA:24,12
DA:25,1
DA:27,12
DA:34,16
DA:41,25
DA:48,16
DA:49,16
DA:50,16
DA:52,16
DA:61,16
DA:62,16
DA:64,16
DA:70,16
DA:78,9
DA:79,9
DA:81,9
DA:82,3
DA:86,3
DA:90,6
DA:91,1
DA:96,1
DA:97,1
DA:101,5
DA:102,5
DA:104,5
DA:115,2
DA:116,2
DA:117,1
DA:120,1
DA:121,1
DA:123,1
DA:129,1
DA:137,1
DA:138,1
DA:140,1
DA:141,3
DA:142,2
DA:143,2
DA:144,2
DA:151,1
DA:152,1
DA:158,1
DA:169,1
DA:170,1
DA:172,1
DA:173,2
DA:174,0
DA:178,1
DA:189,1
DA:190,1
DA:192,1
DA:193,3
DA:194,2
DA:195,2
DA:199,1
DA:204,1
DA:211,12
DA:212,12
LF:63
LH:62
BRDA:24,0,0,1
BRDA:50,1,0,16
BRDA:50,1,1,0
BRDA:81,2,0,3
BRDA:90,3,0,1
BRDA:116,4,0,1
BRDA:141,5,0,2
BRDA:151,6,0,1
BRDA:173,7,0,0
BRDA:193,8,0,2
BRF:10
BRH:8
end_of_record
TN:
SF:src/services/Tenant/TenantLimitService.ts
FN:14,(anonymous_9)
FN:72,sendLimitWarningIfNeeded
FN:100,sendLimitReachedNotificationIfNeeded
FNF:3
FNH:3
FNDA:8,(anonymous_9)
FNDA:2,sendLimitWarningIfNeeded
FNDA:1,sendLimitReachedNotificationIfNeeded
DA:1,1
DA:2,1
DA:3,1
DA:4,1
DA:14,1
DA:17,8
DA:22,8
DA:23,3
DA:26,5
DA:27,5
DA:28,5
DA:30,5
DA:43,5
DA:44,5
DA:45,5
DA:48,5
DA:49,1
DA:55,1
DA:65,4
DA:66,2
DA:69,4
DA:78,2
DA:88,2
DA:89,1
DA:106,1
DA:116,1
DA:117,1
LF:27
LH:27
BRDA:22,0,0,3
BRDA:22,1,0,8
BRDA:22,1,1,7
BRDA:22,1,2,5
BRDA:43,2,0,5
BRDA:43,2,1,1
BRDA:48,3,0,1
BRDA:65,4,0,2
BRDA:88,5,0,1
BRDA:116,6,0,1
BRF:10
BRH:10
end_of_record
TN:
SF:src/utils/response.utils.ts
FN:26,(anonymous_0)
FN:44,(anonymous_1)
FN:59,(anonymous_2)
FN:74,(anonymous_3)
FN:89,(anonymous_4)
FN:104,(anonymous_5)
FN:119,(anonymous_6)
FN:134,(anonymous_7)
FN:149,(anonymous_8)
FN:164,(anonymous_9)
FN:180,(anonymous_10)
FN:204,(anonymous_11)
FN:226,(anonymous_12)
FNF:13
FNH:3
FNDA:5,(anonymous_0)
FNDA:0,(anonymous_1)
FNDA:0,(anonymous_2)
FNDA:3,(anonymous_3)
FNDA:0,(anonymous_4)
FNDA:0,(anonymous_5)
FNDA:0,(anonymous_6)
FNDA:0,(anonymous_7)
FNDA:0,(anonymous_8)
FNDA:2,(anonymous_9)
FNDA:0,(anonymous_10)
FNDA:0,(anonymous_11)
FNDA:0,(anonymous_12)
DA:2,1
DA:7,1
DA:12,1
DA:26,1
DA:33,5
DA:34,5
DA:44,1
DA:49,0
DA:59,1
DA:64,0
DA:74,1
DA:79,3
DA:89,1
DA:94,0
DA:104,1
DA:109,0
DA:119,1
DA:124,0
DA:134,1
DA:139,0
DA:149,1
DA:154,0
DA:164,1
DA:169,2
DA:180,1
DA:186,0
DA:187,0
DA:188,0
DA:192,0
DA:195,0
DA:204,1
DA:208,0
DA:210,0
DA:212,0
DA:214,0
DA:216,0
DA:226,1
DA:227,0
DA:228,0
DA:229,0
DA:230,0
LF:41
LH:20
BRDA:29,0,0,3
BRDA:30,1,0,0
BRDA:31,2,0,2
BRDA:46,3,0,0
BRDA:47,4,0,0
BRDA:61,5,0,0
BRDA:62,6,0,0
BRDA:76,7,0,0
BRDA:77,8,0,3
BRDA:91,9,0,0
BRDA:92,10,0,0
BRDA:106,11,0,0
BRDA:107,12,0,0
BRDA:121,13,0,0
BRDA:122,14,0,0
BRDA:136,15,0,0
BRDA:137,16,0,0
BRDA:151,17,0,0
BRDA:152,18,0,0
BRDA:166,19,0,0
BRDA:167,20,0,0
BRDA:208,21,0,0
BRDA:208,21,1,0
BRDA:208,21,2,0
BRDA:208,21,3,0
BRF:25
BRH:3
end_of_record
